[Wed Jul 15 15:01:16.533344 2015] [so:debug] [pid 920:tid 356] mod_so.c(266): AH01575: loaded module access_compat_module from C:/Server/Apache24/modules/mod_access_compat.so
[Wed Jul 15 15:01:16.533344 2015] [so:debug] [pid 920:tid 356] mod_so.c(266): AH01575: loaded module actions_module from C:/Server/Apache24/modules/mod_actions.so
[Wed Jul 15 15:01:16.533344 2015] [so:debug] [pid 920:tid 356] mod_so.c(266): AH01575: loaded module alias_module from C:/Server/Apache24/modules/mod_alias.so
[Wed Jul 15 15:01:16.533344 2015] [so:debug] [pid 920:tid 356] mod_so.c(266): AH01575: loaded module allowmethods_module from C:/Server/Apache24/modules/mod_allowmethods.so
[Wed Jul 15 15:01:16.533344 2015] [so:debug] [pid 920:tid 356] mod_so.c(266): AH01575: loaded module asis_module from C:/Server/Apache24/modules/mod_asis.so
[Wed Jul 15 15:01:16.533344 2015] [so:debug] [pid 920:tid 356] mod_so.c(266): AH01575: loaded module auth_basic_module from C:/Server/Apache24/modules/mod_auth_basic.so
[Wed Jul 15 15:01:16.533344 2015] [so:debug] [pid 920:tid 356] mod_so.c(266): AH01575: loaded module authn_core_module from C:/Server/Apache24/modules/mod_authn_core.so
[Wed Jul 15 15:01:16.533344 2015] [so:debug] [pid 920:tid 356] mod_so.c(266): AH01575: loaded module authn_file_module from C:/Server/Apache24/modules/mod_authn_file.so
[Wed Jul 15 15:01:16.548951 2015] [so:debug] [pid 920:tid 356] mod_so.c(266): AH01575: loaded module authz_core_module from C:/Server/Apache24/modules/mod_authz_core.so
[Wed Jul 15 15:01:16.548951 2015] [so:debug] [pid 920:tid 356] mod_so.c(266): AH01575: loaded module authz_groupfile_module from C:/Server/Apache24/modules/mod_authz_groupfile.so
[Wed Jul 15 15:01:16.548951 2015] [so:debug] [pid 920:tid 356] mod_so.c(266): AH01575: loaded module authz_host_module from C:/Server/Apache24/modules/mod_authz_host.so
[Wed Jul 15 15:01:16.548951 2015] [so:debug] [pid 920:tid 356] mod_so.c(266): AH01575: loaded module authz_user_module from C:/Server/Apache24/modules/mod_authz_user.so
[Wed Jul 15 15:01:16.548951 2015] [so:debug] [pid 920:tid 356] mod_so.c(266): AH01575: loaded module autoindex_module from C:/Server/Apache24/modules/mod_autoindex.so
[Wed Jul 15 15:01:16.548951 2015] [so:debug] [pid 920:tid 356] mod_so.c(266): AH01575: loaded module cgi_module from C:/Server/Apache24/modules/mod_cgi.so
[Wed Jul 15 15:01:16.548951 2015] [so:debug] [pid 920:tid 356] mod_so.c(266): AH01575: loaded module dir_module from C:/Server/Apache24/modules/mod_dir.so
[Wed Jul 15 15:01:16.548951 2015] [so:debug] [pid 920:tid 356] mod_so.c(266): AH01575: loaded module env_module from C:/Server/Apache24/modules/mod_env.so
[Wed Jul 15 15:01:16.548951 2015] [so:debug] [pid 920:tid 356] mod_so.c(266): AH01575: loaded module include_module from C:/Server/Apache24/modules/mod_include.so
[Wed Jul 15 15:01:16.548951 2015] [so:debug] [pid 920:tid 356] mod_so.c(266): AH01575: loaded module isapi_module from C:/Server/Apache24/modules/mod_isapi.so
[Wed Jul 15 15:01:16.548951 2015] [so:debug] [pid 920:tid 356] mod_so.c(266): AH01575: loaded module log_config_module from C:/Server/Apache24/modules/mod_log_config.so
[Wed Jul 15 15:01:16.548951 2015] [so:debug] [pid 920:tid 356] mod_so.c(266): AH01575: loaded module mime_module from C:/Server/Apache24/modules/mod_mime.so
[Wed Jul 15 15:01:16.548951 2015] [so:debug] [pid 920:tid 356] mod_so.c(266): AH01575: loaded module negotiation_module from C:/Server/Apache24/modules/mod_negotiation.so
[Wed Jul 15 15:01:16.548951 2015] [so:debug] [pid 920:tid 356] mod_so.c(266): AH01575: loaded module setenvif_module from C:/Server/Apache24/modules/mod_setenvif.so
AH00558: httpd.exe: Could not reliably determine the server's fully qualified domain name, using fe80::5085:baa9:5e95:719a. Set the 'ServerName' directive globally to suppress this message
[Wed Jul 15 15:01:17.470881 2015] [mpm_winnt:notice] [pid 920:tid 356] AH00455: Apache/2.4.16 (Win32) configured -- resuming normal operations
[Wed Jul 15 15:01:17.470881 2015] [mpm_winnt:notice] [pid 920:tid 356] AH00456: Apache Lounge VC14 Server built: Jul 11 2015 19:13:29
[Wed Jul 15 15:01:17.470881 2015] [core:notice] [pid 920:tid 356] AH00094: Command line: 'httpd.exe -d C:/Server/Apache24 -e debug'
[Wed Jul 15 15:01:17.470881 2015] [mpm_winnt:notice] [pid 920:tid 356] AH00418: Parent: Created child process 5036
[Wed Jul 15 15:01:18.174035 2015] [so:debug] [pid 5036:tid 332] mod_so.c(266): AH01575: loaded module access_compat_module from C:/Server/Apache24/modules/mod_access_compat.so
[Wed Jul 15 15:01:18.174035 2015] [so:debug] [pid 5036:tid 332] mod_so.c(266): AH01575: loaded module actions_module from C:/Server/Apache24/modules/mod_actions.so
[Wed Jul 15 15:01:18.174035 2015] [so:debug] [pid 5036:tid 332] mod_so.c(266): AH01575: loaded module alias_module from C:/Server/Apache24/modules/mod_alias.so
[Wed Jul 15 15:01:18.174035 2015] [so:debug] [pid 5036:tid 332] mod_so.c(266): AH01575: loaded module allowmethods_module from C:/Server/Apache24/modules/mod_allowmethods.so
[Wed Jul 15 15:01:18.174035 2015] [so:debug] [pid 5036:tid 332] mod_so.c(266): AH01575: loaded module asis_module from C:/Server/Apache24/modules/mod_asis.so
[Wed Jul 15 15:01:18.174035 2015] [so:debug] [pid 5036:tid 332] mod_so.c(266): AH01575: loaded module auth_basic_module from C:/Server/Apache24/modules/mod_auth_basic.so
[Wed Jul 15 15:01:18.174035 2015] [so:debug] [pid 5036:tid 332] mod_so.c(266): AH01575: loaded module authn_core_module from C:/Server/Apache24/modules/mod_authn_core.so
[Wed Jul 15 15:01:18.174035 2015] [so:debug] [pid 5036:tid 332] mod_so.c(266): AH01575: loaded module authn_file_module from C:/Server/Apache24/modules/mod_authn_file.so
[Wed Jul 15 15:01:18.174035 2015] [so:debug] [pid 5036:tid 332] mod_so.c(266): AH01575: loaded module authz_core_module from C:/Server/Apache24/modules/mod_authz_core.so
[Wed Jul 15 15:01:18.174035 2015] [so:debug] [pid 5036:tid 332] mod_so.c(266): AH01575: loaded module authz_groupfile_module from C:/Server/Apache24/modules/mod_authz_groupfile.so
[Wed Jul 15 15:01:18.174035 2015] [so:debug] [pid 5036:tid 332] mod_so.c(266): AH01575: loaded module authz_host_module from C:/Server/Apache24/modules/mod_authz_host.so
[Wed Jul 15 15:01:18.174035 2015] [so:debug] [pid 5036:tid 332] mod_so.c(266): AH01575: loaded module authz_user_module from C:/Server/Apache24/modules/mod_authz_user.so
[Wed Jul 15 15:01:18.174035 2015] [so:debug] [pid 5036:tid 332] mod_so.c(266): AH01575: loaded module autoindex_module from C:/Server/Apache24/modules/mod_autoindex.so
[Wed Jul 15 15:01:18.174035 2015] [so:debug] [pid 5036:tid 332] mod_so.c(266): AH01575: loaded module cgi_module from C:/Server/Apache24/modules/mod_cgi.so
[Wed Jul 15 15:01:18.174035 2015] [so:debug] [pid 5036:tid 332] mod_so.c(266): AH01575: loaded module dir_module from C:/Server/Apache24/modules/mod_dir.so
[Wed Jul 15 15:01:18.174035 2015] [so:debug] [pid 5036:tid 332] mod_so.c(266): AH01575: loaded module env_module from C:/Server/Apache24/modules/mod_env.so
[Wed Jul 15 15:01:18.189662 2015] [so:debug] [pid 5036:tid 332] mod_so.c(266): AH01575: loaded module include_module from C:/Server/Apache24/modules/mod_include.so
[Wed Jul 15 15:01:18.189662 2015] [so:debug] [pid 5036:tid 332] mod_so.c(266): AH01575: loaded module isapi_module from C:/Server/Apache24/modules/mod_isapi.so
[Wed Jul 15 15:01:18.189662 2015] [so:debug] [pid 5036:tid 332] mod_so.c(266): AH01575: loaded module log_config_module from C:/Server/Apache24/modules/mod_log_config.so
[Wed Jul 15 15:01:18.189662 2015] [so:debug] [pid 5036:tid 332] mod_so.c(266): AH01575: loaded module mime_module from C:/Server/Apache24/modules/mod_mime.so
[Wed Jul 15 15:01:18.189662 2015] [so:debug] [pid 5036:tid 332] mod_so.c(266): AH01575: loaded module negotiation_module from C:/Server/Apache24/modules/mod_negotiation.so
[Wed Jul 15 15:01:18.189662 2015] [so:debug] [pid 5036:tid 332] mod_so.c(266): AH01575: loaded module setenvif_module from C:/Server/Apache24/modules/mod_setenvif.so
AH00558: httpd.exe: Could not reliably determine the server's fully qualified domain name, using fe80::5085:baa9:5e95:719a. Set the 'ServerName' directive globally to suppress this message
Apache server shutdown initiated...
o:debug] [pid 5036:tid 332] mod_so.c(266): AH01575: loaded module access_compat_module from C:/Server/Apache24/modules/mod_access_compat.so
[Wed Jul 15 15:01:19.095960 2015] [so:debug] [pid 5036:tid 332] mod_so.c(266): AH01575: loaded module actions_module from C:/Server/Apache24/modules/mod_actions.so
[Wed Jul 15 15:01:19.095960 2015] [so:debug] [pid 5036:tid 332] mod_so.c(266): AH01575: loaded module alias_module from C:/Server/Apache24/modules/mod_alias.so
[Wed Jul 15 15:01:19.095960 2015] [so:debug] [pid 5036:tid 332] mod_so.c(266): AH01575: loaded module allowmethods_module from C:/Server/Apache24/modules/mod_allowmethods.so
[Wed Jul 15 15:01:19.095960 2015] [so:debug] [pid 5036:tid 332] mod_so.c(266): AH01575: loaded module asis_module from C:/Server/Apache24/modules/mod_asis.so
[Wed Jul 15 15:01:19.095960 2015] [so:debug] [pid 5036:tid 332] mod_so.c(266): AH01575: loaded module auth_basic_module from C:/Server/Apache24/modules/mod_auth_basic.so
[Wed Jul 15 15:01:19.095960 2015] [so:debug] [pid 5036:tid 332] mod_so.c(266): AH01575: loaded module authn_core_module from C:/Server/Apache24/modules/mod_authn_core.so
[Wed Jul 15 15:01:19.095960 2015] [so:debug] [pid 5036:tid 332] mod_so.c(266): AH01575: loaded module authn_file_module from C:/Server/Apache24/modules/mod_authn_file.so
[Wed Jul 15 15:01:19.095960 2015] [so:debug] [pid 5036:tid 332] mod_so.c(266): AH01575: loaded module authz_core_module from C:/Server/Apache24/modules/mod_authz_core.so
[Wed Jul 15 15:01:19.095960 2015] [so:debug] [pid 5036:tid 332] mod_so.c(266): AH01575: loaded module authz_groupfile_module from C:/Server/Apache24/modules/mod_authz_groupfile.so
[Wed Jul 15 15:01:19.111585 2015] [so:debug] [pid 5036:tid 332] mod_so.c(266): AH01575: loaded module authz_host_module from C:/Server/Apache24/modules/mod_authz_host.so
[Wed Jul 15 15:01:19.111585 2015] [so:debug] [pid 5036:tid 332] mod_so.c(266): AH01575: loaded module authz_user_module from C:/Server/Apache24/modules/mod_authz_user.so
[Wed Jul 15 15:01:19.111585 2015] [so:debug] [pid 5036:tid 332] mod_so.c(266): AH01575: loaded module autoindex_module from C:/Server/Apache24/modules/mod_autoindex.so
[Wed Jul 15 15:01:19.111585 2015] [so:debug] [pid 5036:tid 332] mod_so.c(266): AH01575: loaded module cgi_module from C:/Server/Apache24/modules/mod_cgi.so
[Wed Jul 15 15:01:19.111585 2015] [so:debug] [pid 5036:tid 332] mod_so.c(266): AH01575: loaded module dir_module from C:/Server/Apache24/modules/mod_dir.so
[Wed Jul 15 15:01:19.111585 2015] [so:debug] [pid 5036:tid 332] mod_so.c(266): AH01575: loaded module env_module from C:/Server/Apache24/modules/mod_env.so
[Wed Jul 15 15:01:19.111585 2015] [so:debug] [pid 5036:tid 332] mod_so.c(266): AH01575: loaded module include_module from C:/Server/Apache24/modules/mod_include.so
[Wed Jul 15 15:01:19.111585 2015] [so:debug] [pid 5036:tid 332] mod_so.c(266): AH01575: loaded module isapi_module from C:/Server/Apache24/modules/mod_isapi.so
[Wed Jul 15 15:01:19.111585 2015] [so:debug] [pid 5036:tid 332] mod_so.c(266): AH01575: loaded module log_config_module from C:/Server/Apache24/modules/mod_log_config.so
[Wed Jul 15 15:01:19.111585 2015] [so:debug] [pid 5036:tid 332] mod_so.c(266): AH01575: loaded module mime_module from C:/Server/Apache24/modules/mod_mime.so
[Wed Jul 15 15:01:19.111585 2015] [so:debug] [pid 5036:tid 332] mod_so.c(266): AH01575: loaded module negotiation_module from C:/Server/Apache24/modules/mod_negotiation.so
[Wed Jul 15 15:01:19.127213 2015] [so:debug] [pid 5036:tid 332] mod_so.c(266): AH01575: loaded module setenvif_module from C:/Server/Apache24/modules/mod_setenvif.so
AH00558: httpd.exe: Could not reliably determine the server's fully qualified domain name, using fe80::5085:baa9:5e95:719a. Set the 'ServerName' directive globally to suppress this message
[Wed Jul 15 15:01:20.049138 2015] [mpm_winnt:notice] [pid 5036:tid 332] AH00354: Child: Starting 64 worker threads.
[Wed Jul 15 15:02:20.776519 2015] [mpm_winnt:notice] [pid 920:tid 356] AH00422: Parent: Received shutdown signal -- Shutting down the server.
[Wed Jul 15 15:02:22.807845 2015] [mpm_winnt:notice] [pid 5036:tid 332] AH00364: Child: All worker threads have exited.
[Wed Jul 15 15:02:22.823470 2015] [mpm_winnt:notice] [pid 920:tid 356] AH00430: Parent: Child process 5036 exited successfully.
[Wed Jul 15 15:02:40.761909 2015] [so:debug] [pid 4320:tid 352] mod_so.c(266): AH01575: loaded module access_compat_module from C:/Server/Apache24/modules/mod_access_compat.so
[Wed Jul 15 15:02:40.777528 2015] [so:debug] [pid 4320:tid 352] mod_so.c(266): AH01575: loaded module actions_module from C:/Server/Apache24/modules/mod_actions.so
[Wed Jul 15 15:02:40.777528 2015] [so:debug] [pid 4320:tid 352] mod_so.c(266): AH01575: loaded module alias_module from C:/Server/Apache24/modules/mod_alias.so
[Wed Jul 15 15:02:40.777528 2015] [so:debug] [pid 4320:tid 352] mod_so.c(266): AH01575: loaded module allowmethods_module from C:/Server/Apache24/modules/mod_allowmethods.so
[Wed Jul 15 15:02:40.777528 2015] [so:debug] [pid 4320:tid 352] mod_so.c(266): AH01575: loaded module asis_module from C:/Server/Apache24/modules/mod_asis.so
[Wed Jul 15 15:02:40.777528 2015] [so:debug] [pid 4320:tid 352] mod_so.c(266): AH01575: loaded module auth_basic_module from C:/Server/Apache24/modules/mod_auth_basic.so
[Wed Jul 15 15:02:40.777528 2015] [so:debug] [pid 4320:tid 352] mod_so.c(266): AH01575: loaded module authn_core_module from C:/Server/Apache24/modules/mod_authn_core.so
[Wed Jul 15 15:02:40.777528 2015] [so:debug] [pid 4320:tid 352] mod_so.c(266): AH01575: loaded module authn_file_module from C:/Server/Apache24/modules/mod_authn_file.so
[Wed Jul 15 15:02:40.777528 2015] [so:debug] [pid 4320:tid 352] mod_so.c(266): AH01575: loaded module authz_core_module from C:/Server/Apache24/modules/mod_authz_core.so
[Wed Jul 15 15:02:40.777528 2015] [so:debug] [pid 4320:tid 352] mod_so.c(266): AH01575: loaded module authz_groupfile_module from C:/Server/Apache24/modules/mod_authz_groupfile.so
[Wed Jul 15 15:02:40.777528 2015] [so:debug] [pid 4320:tid 352] mod_so.c(266): AH01575: loaded module authz_host_module from C:/Server/Apache24/modules/mod_authz_host.so
[Wed Jul 15 15:02:40.777528 2015] [so:debug] [pid 4320:tid 352] mod_so.c(266): AH01575: loaded module authz_user_module from C:/Server/Apache24/modules/mod_authz_user.so
[Wed Jul 15 15:02:40.793154 2015] [so:debug] [pid 4320:tid 352] mod_so.c(266): AH01575: loaded module autoindex_module from C:/Server/Apache24/modules/mod_autoindex.so
[Wed Jul 15 15:02:40.793154 2015] [so:debug] [pid 4320:tid 352] mod_so.c(266): AH01575: loaded module cgi_module from C:/Server/Apache24/modules/mod_cgi.so
[Wed Jul 15 15:02:40.793154 2015] [so:debug] [pid 4320:tid 352] mod_so.c(266): AH01575: loaded module dir_module from C:/Server/Apache24/modules/mod_dir.so
[Wed Jul 15 15:02:40.793154 2015] [so:debug] [pid 4320:tid 352] mod_so.c(266): AH01575: loaded module env_module from C:/Server/Apache24/modules/mod_env.so
[Wed Jul 15 15:02:40.793154 2015] [so:debug] [pid 4320:tid 352] mod_so.c(266): AH01575: loaded module include_module from C:/Server/Apache24/modules/mod_include.so
[Wed Jul 15 15:02:40.793154 2015] [so:debug] [pid 4320:tid 352] mod_so.c(266): AH01575: loaded module isapi_module from C:/Server/Apache24/modules/mod_isapi.so
[Wed Jul 15 15:02:40.793154 2015] [so:debug] [pid 4320:tid 352] mod_so.c(266): AH01575: loaded module log_config_module from C:/Server/Apache24/modules/mod_log_config.so
[Wed Jul 15 15:02:40.793154 2015] [so:debug] [pid 4320:tid 352] mod_so.c(266): AH01575: loaded module mime_module from C:/Server/Apache24/modules/mod_mime.so
[Wed Jul 15 15:02:40.793154 2015] [so:debug] [pid 4320:tid 352] mod_so.c(266): AH01575: loaded module negotiation_module from C:/Server/Apache24/modules/mod_negotiation.so
[Wed Jul 15 15:02:40.793154 2015] [so:debug] [pid 4320:tid 352] mod_so.c(266): AH01575: loaded module setenvif_module from C:/Server/Apache24/modules/mod_setenvif.so
AH00558: httpd.exe: Could not reliably determine the server's fully qualified domain name, using fe80::5085:baa9:5e95:719a. Set the 'ServerName' directive globally to suppress this message
[Wed Jul 15 15:02:41.777587 2015] [mpm_winnt:notice] [pid 4320:tid 352] AH00455: Apache/2.4.16 (Win32) configured -- resuming normal operations
[Wed Jul 15 15:02:41.777587 2015] [mpm_winnt:notice] [pid 4320:tid 352] AH00456: Apache Lounge VC14 Server built: Jul 11 2015 19:13:29
[Wed Jul 15 15:02:41.777587 2015] [core:notice] [pid 4320:tid 352] AH00094: Command line: 'httpd.exe -d C:/Server/Apache24 -e debug'
[Wed Jul 15 15:02:41.777587 2015] [mpm_winnt:notice] [pid 4320:tid 352] AH00418: Parent: Created child process 2140
[Wed Jul 15 15:02:42.465116 2015] [so:debug] [pid 2140:tid 344] mod_so.c(266): AH01575: loaded module access_compat_module from C:/Server/Apache24/modules/mod_access_compat.so
[Wed Jul 15 15:02:42.465116 2015] [so:debug] [pid 2140:tid 344] mod_so.c(266): AH01575: loaded module actions_module from C:/Server/Apache24/modules/mod_actions.so
[Wed Jul 15 15:02:42.465116 2015] [so:debug] [pid 2140:tid 344] mod_so.c(266): AH01575: loaded module alias_module from C:/Server/Apache24/modules/mod_alias.so
[Wed Jul 15 15:02:42.465116 2015] [so:debug] [pid 2140:tid 344] mod_so.c(266): AH01575: loaded module allowmethods_module from C:/Server/Apache24/modules/mod_allowmethods.so
[Wed Jul 15 15:02:42.465116 2015] [so:debug] [pid 2140:tid 344] mod_so.c(266): AH01575: loaded module asis_module from C:/Server/Apache24/modules/mod_asis.so
[Wed Jul 15 15:02:42.465116 2015] [so:debug] [pid 2140:tid 344] mod_so.c(266): AH01575: loaded module auth_basic_module from C:/Server/Apache24/modules/mod_auth_basic.so
[Wed Jul 15 15:02:42.465116 2015] [so:debug] [pid 2140:tid 344] mod_so.c(266): AH01575: loaded module authn_core_module from C:/Server/Apache24/modules/mod_authn_core.so
[Wed Jul 15 15:02:42.465116 2015] [so:debug] [pid 2140:tid 344] mod_so.c(266): AH01575: loaded module authn_file_module from C:/Server/Apache24/modules/mod_authn_file.so
[Wed Jul 15 15:02:42.465116 2015] [so:debug] [pid 2140:tid 344] mod_so.c(266): AH01575: loaded module authz_core_module from C:/Server/Apache24/modules/mod_authz_core.so
[Wed Jul 15 15:02:42.465116 2015] [so:debug] [pid 2140:tid 344] mod_so.c(266): AH01575: loaded module authz_groupfile_module from C:/Server/Apache24/modules/mod_authz_groupfile.so
[Wed Jul 15 15:02:42.465116 2015] [so:debug] [pid 2140:tid 344] mod_so.c(266): AH01575: loaded module authz_host_module from C:/Server/Apache24/modules/mod_authz_host.so
[Wed Jul 15 15:02:42.480744 2015] [so:debug] [pid 2140:tid 344] mod_so.c(266): AH01575: loaded module authz_user_module from C:/Server/Apache24/modules/mod_authz_user.so
[Wed Jul 15 15:02:42.480744 2015] [so:debug] [pid 2140:tid 344] mod_so.c(266): AH01575: loaded module autoindex_module from C:/Server/Apache24/modules/mod_autoindex.so
[Wed Jul 15 15:02:42.480744 2015] [so:debug] [pid 2140:tid 344] mod_so.c(266): AH01575: loaded module cgi_module from C:/Server/Apache24/modules/mod_cgi.so
[Wed Jul 15 15:02:42.480744 2015] [so:debug] [pid 2140:tid 344] mod_so.c(266): AH01575: loaded module dir_module from C:/Server/Apache24/modules/mod_dir.so
[Wed Jul 15 15:02:42.480744 2015] [so:debug] [pid 2140:tid 344] mod_so.c(266): AH01575: loaded module env_module from C:/Server/Apache24/modules/mod_env.so
[Wed Jul 15 15:02:42.480744 2015] [so:debug] [pid 2140:tid 344] mod_so.c(266): AH01575: loaded module include_module from C:/Server/Apache24/modules/mod_include.so
[Wed Jul 15 15:02:42.480744 2015] [so:debug] [pid 2140:tid 344] mod_so.c(266): AH01575: loaded module isapi_module from C:/Server/Apache24/modules/mod_isapi.so
[Wed Jul 15 15:02:42.480744 2015] [so:debug] [pid 2140:tid 344] mod_so.c(266): AH01575: loaded module log_config_module from C:/Server/Apache24/modules/mod_log_config.so
[Wed Jul 15 15:02:42.480744 2015] [so:debug] [pid 2140:tid 344] mod_so.c(266): AH01575: loaded module mime_module from C:/Server/Apache24/modules/mod_mime.so
[Wed Jul 15 15:02:42.480744 2015] [so:debug] [pid 2140:tid 344] mod_so.c(266): AH01575: loaded module negotiation_module from C:/Server/Apache24/modules/mod_negotiation.so
[Wed Jul 15 15:02:42.480744 2015] [so:debug] [pid 2140:tid 344] mod_so.c(266): AH01575: loaded module setenvif_module from C:/Server/Apache24/modules/mod_setenvif.so
AH00558: httpd.exe: Could not reliably determine the server's fully qualified domain name, using fe80::5085:baa9:5e95:719a. Set the 'ServerName' directive globally to suppress this message
Apache server shutdown initiated...
o:debug] [pid 2140:tid 344] mod_so.c(266): AH01575: loaded module access_compat_module from C:/Server/Apache24/modules/mod_access_compat.so
[Wed Jul 15 15:02:43.371411 2015] [so:debug] [pid 2140:tid 344] mod_so.c(266): AH01575: loaded module actions_module from C:/Server/Apache24/modules/mod_actions.so
[Wed Jul 15 15:02:43.371411 2015] [so:debug] [pid 2140:tid 344] mod_so.c(266): AH01575: loaded module alias_module from C:/Server/Apache24/modules/mod_alias.so
[Wed Jul 15 15:02:43.371411 2015] [so:debug] [pid 2140:tid 344] mod_so.c(266): AH01575: loaded module allowmethods_module from C:/Server/Apache24/modules/mod_allowmethods.so
[Wed Jul 15 15:02:43.371411 2015] [so:debug] [pid 2140:tid 344] mod_so.c(266): AH01575: loaded module asis_module from C:/Server/Apache24/modules/mod_asis.so
[Wed Jul 15 15:02:43.371411 2015] [so:debug] [pid 2140:tid 344] mod_so.c(266): AH01575: loaded module auth_basic_module from C:/Server/Apache24/modules/mod_auth_basic.so
[Wed Jul 15 15:02:43.371411 2015] [so:debug] [pid 2140:tid 344] mod_so.c(266): AH01575: loaded module authn_core_module from C:/Server/Apache24/modules/mod_authn_core.so
[Wed Jul 15 15:02:43.371411 2015] [so:debug] [pid 2140:tid 344] mod_so.c(266): AH01575: loaded module authn_file_module from C:/Server/Apache24/modules/mod_authn_file.so
[Wed Jul 15 15:02:43.371411 2015] [so:debug] [pid 2140:tid 344] mod_so.c(266): AH01575: loaded module authz_core_module from C:/Server/Apache24/modules/mod_authz_core.so
[Wed Jul 15 15:02:43.371411 2015] [so:debug] [pid 2140:tid 344] mod_so.c(266): AH01575: loaded module authz_groupfile_module from C:/Server/Apache24/modules/mod_authz_groupfile.so
[Wed Jul 15 15:02:43.371411 2015] [so:debug] [pid 2140:tid 344] mod_so.c(266): AH01575: loaded module authz_host_module from C:/Server/Apache24/modules/mod_authz_host.so
[Wed Jul 15 15:02:43.371411 2015] [so:debug] [pid 2140:tid 344] mod_so.c(266): AH01575: loaded module authz_user_module from C:/Server/Apache24/modules/mod_authz_user.so
[Wed Jul 15 15:02:43.371411 2015] [so:debug] [pid 2140:tid 344] mod_so.c(266): AH01575: loaded module autoindex_module from C:/Server/Apache24/modules/mod_autoindex.so
[Wed Jul 15 15:02:43.371411 2015] [so:debug] [pid 2140:tid 344] mod_so.c(266): AH01575: loaded module cgi_module from C:/Server/Apache24/modules/mod_cgi.so
[Wed Jul 15 15:02:43.371411 2015] [so:debug] [pid 2140:tid 344] mod_so.c(266): AH01575: loaded module dir_module from C:/Server/Apache24/modules/mod_dir.so
[Wed Jul 15 15:02:43.371411 2015] [so:debug] [pid 2140:tid 344] mod_so.c(266): AH01575: loaded module env_module from C:/Server/Apache24/modules/mod_env.so
[Wed Jul 15 15:02:43.371411 2015] [so:debug] [pid 2140:tid 344] mod_so.c(266): AH01575: loaded module include_module from C:/Server/Apache24/modules/mod_include.so
[Wed Jul 15 15:02:43.371411 2015] [so:debug] [pid 2140:tid 344] mod_so.c(266): AH01575: loaded module isapi_module from C:/Server/Apache24/modules/mod_isapi.so
[Wed Jul 15 15:02:43.371411 2015] [so:debug] [pid 2140:tid 344] mod_so.c(266): AH01575: loaded module log_config_module from C:/Server/Apache24/modules/mod_log_config.so
[Wed Jul 15 15:02:43.371411 2015] [so:debug] [pid 2140:tid 344] mod_so.c(266): AH01575: loaded module mime_module from C:/Server/Apache24/modules/mod_mime.so
[Wed Jul 15 15:02:43.371411 2015] [so:debug] [pid 2140:tid 344] mod_so.c(266): AH01575: loaded module negotiation_module from C:/Server/Apache24/modules/mod_negotiation.so
[Wed Jul 15 15:02:43.371411 2015] [so:debug] [pid 2140:tid 344] mod_so.c(266): AH01575: loaded module setenvif_module from C:/Server/Apache24/modules/mod_setenvif.so
AH00558: httpd.exe: Could not reliably determine the server's fully qualified domain name, using fe80::5085:baa9:5e95:719a. Set the 'ServerName' directive globally to suppress this message
[Wed Jul 15 15:02:44.246460 2015] [mpm_winnt:notice] [pid 2140:tid 344] AH00354: Child: Starting 64 worker threads.
[Wed Jul 15 15:05:04.101458 2015] [mpm_winnt:notice] [pid 4320:tid 352] AH00422: Parent: Received shutdown signal -- Shutting down the server.
[Wed Jul 15 15:05:06.132839 2015] [mpm_winnt:notice] [pid 2140:tid 344] AH00364: Child: All worker threads have exited.
[Wed Jul 15 15:05:06.148447 2015] [mpm_winnt:notice] [pid 4320:tid 352] AH00430: Parent: Child process 2140 exited successfully.
AH00558: httpd.exe: Could not reliably determine the server's fully qualified domain name, using fe80::5085:baa9:5e95:719a. Set the 'ServerName' directive globally to suppress this message
[Wed Jul 15 15:05:10.773678 2015] [mpm_winnt:notice] [pid 2336:tid 576] AH00455: Apache/2.4.16 (Win32) configured -- resuming normal operations
[Wed Jul 15 15:05:10.773678 2015] [mpm_winnt:notice] [pid 2336:tid 576] AH00456: Apache Lounge VC14 Server built: Jul 11 2015 19:13:29
[Wed Jul 15 15:05:10.773678 2015] [core:notice] [pid 2336:tid 576] AH00094: Command line: 'C:\\Server\\Apache24\\bin\\httpd.exe -d C:/Server/Apache24'
[Wed Jul 15 15:05:10.773678 2015] [mpm_winnt:notice] [pid 2336:tid 576] AH00418: Parent: Created child process 3744
AH00558: httpd.exe: Could not reliably determine the server's fully qualified domain name, using fe80::5085:baa9:5e95:719a. Set the 'ServerName' directive globally to suppress this message
AH00558: httpd.exe: Could not reliably determine the server's fully qualified domain name, using fe80::5085:baa9:5e95:719a. Set the 'ServerName' directive globally to suppress this message
[Wed Jul 15 15:05:13.070672 2015] [mpm_winnt:notice] [pid 3744:tid 520] AH00354: Child: Starting 64 worker threads.
[Wed Jul 15 15:05:19.961682 2015] [mpm_winnt:notice] [pid 2336:tid 576] AH00422: Parent: Received shutdown signal -- Shutting down the server.
[Wed Jul 15 15:05:21.993010 2015] [mpm_winnt:notice] [pid 3744:tid 520] AH00364: Child: All worker threads have exited.
[Wed Jul 15 15:05:22.008662 2015] [mpm_winnt:notice] [pid 2336:tid 576] AH00430: Parent: Child process 3744 exited successfully.
AH00558: httpd.exe: Could not reliably determine the server's fully qualified domain name, using fe80::5085:baa9:5e95:719a. Set the 'ServerName' directive globally to suppress this message
[Wed Jul 15 15:05:26.837011 2015] [mpm_winnt:notice] [pid 5608:tid 580] AH00455: Apache/2.4.16 (Win32) configured -- resuming normal operations
[Wed Jul 15 15:05:26.837011 2015] [mpm_winnt:notice] [pid 5608:tid 580] AH00456: Apache Lounge VC14 Server built: Jul 11 2015 19:13:29
[Wed Jul 15 15:05:26.837011 2015] [core:notice] [pid 5608:tid 580] AH00094: Command line: 'C:\\Server\\Apache24\\bin\\httpd.exe -d C:/Server/Apache24'
[Wed Jul 15 15:05:26.837011 2015] [mpm_winnt:notice] [pid 5608:tid 580] AH00418: Parent: Created child process 3016
AH00558: httpd.exe: Could not reliably determine the server's fully qualified domain name, using fe80::5085:baa9:5e95:719a. Set the 'ServerName' directive globally to suppress this message
AH00558: httpd.exe: Could not reliably determine the server's fully qualified domain name, using fe80::5085:baa9:5e95:719a. Set the 'ServerName' directive globally to suppress this message
[Wed Jul 15 15:05:29.118383 2015] [mpm_winnt:notice] [pid 3016:tid 520] AH00354: Child: Starting 64 worker threads.
[Wed Jul 15 15:05:35.196819 2015] [mpm_winnt:notice] [pid 5608:tid 580] AH00424: Parent: Received restart signal -- Restarting the server.
AH00558: httpd.exe: Could not reliably determine the server's fully qualified domain name, using fe80::5085:baa9:5e95:719a. Set the 'ServerName' directive globally to suppress this message
[Wed Jul 15 15:05:36.071872 2015] [mpm_winnt:notice] [pid 5608:tid 580] AH00455: Apache/2.4.16 (Win32) configured -- resuming normal operations
[Wed Jul 15 15:05:36.071872 2015] [mpm_winnt:notice] [pid 5608:tid 580] AH00456: Apache Lounge VC14 Server built: Jul 11 2015 19:13:29
[Wed Jul 15 15:05:36.071872 2015] [core:notice] [pid 5608:tid 580] AH00094: Command line: 'C:\\Server\\Apache24\\bin\\httpd.exe -d C:/Server/Apache24'
[Wed Jul 15 15:05:36.071872 2015] [mpm_winnt:notice] [pid 5608:tid 580] AH00418: Parent: Created child process 4708
AH00558: httpd.exe: Could not reliably determine the server's fully qualified domain name, using fe80::5085:baa9:5e95:719a. Set the 'ServerName' directive globally to suppress this message
AH00558: httpd.exe: Could not reliably determine the server's fully qualified domain name, using fe80::5085:baa9:5e95:719a. Set the 'ServerName' directive globally to suppress this message
[Wed Jul 15 15:05:38.462614 2015] [mpm_winnt:notice] [pid 4708:tid 344] AH00354: Child: Starting 64 worker threads.
[Wed Jul 15 15:05:56.791690 2015] [mpm_winnt:notice] [pid 5608:tid 580] AH00424: Parent: Received restart signal -- Restarting the server.
httpd.exe: Syntax error on line 533 of C:/Server/Apache24/conf/httpd.conf: Cannot load C:/Server/apps/php/5.6.9/php5apache2_4.dll into server: %1 ist keine zul\xe4ssige Win32-Anwendung.  
[Wed Jul 15 15:05:58.820358 2015] [mpm_winnt:notice] [pid 4708:tid 344] AH00364: Child: All worker threads have exited.
AH00558: httpd.exe: Could not reliably determine the server's fully qualified domain name, using fe80::5085:baa9:5e95:719a. Set the 'ServerName' directive globally to suppress this message
[Wed Jul 15 15:21:20.314207 2015] [core:warn] [pid 4768:tid 580] AH00098: pid file C:/Server/Apache24/logs/httpd.pid overwritten -- Unclean shutdown of previous Apache run?
[Wed Jul 15 15:21:20.318209 2015] [mpm_winnt:notice] [pid 4768:tid 580] AH00455: Apache/2.4.16 (Win32) configured -- resuming normal operations
[Wed Jul 15 15:21:20.318209 2015] [mpm_winnt:notice] [pid 4768:tid 580] AH00456: Apache Lounge VC14 Server built: Jul 11 2015 19:13:29
[Wed Jul 15 15:21:20.318209 2015] [core:notice] [pid 4768:tid 580] AH00094: Command line: 'C:\\Server\\Apache24\\bin\\httpd.exe -d C:/Server/Apache24'
[Wed Jul 15 15:21:20.320210 2015] [mpm_winnt:notice] [pid 4768:tid 580] AH00418: Parent: Created child process 4788
AH00558: httpd.exe: Could not reliably determine the server's fully qualified domain name, using fe80::5085:baa9:5e95:719a. Set the 'ServerName' directive globally to suppress this message
AH00558: httpd.exe: Could not reliably determine the server's fully qualified domain name, using fe80::5085:baa9:5e95:719a. Set the 'ServerName' directive globally to suppress this message
[Wed Jul 15 15:21:22.660325 2015] [mpm_winnt:notice] [pid 4788:tid 520] AH00354: Child: Starting 64 worker threads.
[Wed Jul 15 17:13:19.303430 2015] [mpm_winnt:notice] [pid 4768:tid 580] AH00422: Parent: Received shutdown signal -- Shutting down the server.
[Wed Jul 15 17:13:21.305325 2015] [mpm_winnt:notice] [pid 4788:tid 520] AH00364: Child: All worker threads have exited.
[Wed Jul 15 17:13:21.374000 2015] [mpm_winnt:notice] [pid 4768:tid 580] AH00430: Parent: Child process 4788 exited successfully.
[Wed Jul 15 17:13:28.885053 2015] [mpm_winnt:notice] [pid 1196:tid 428] AH00455: Apache/2.4.16 (Win32) configured -- resuming normal operations
[Wed Jul 15 17:13:28.886054 2015] [mpm_winnt:notice] [pid 1196:tid 428] AH00456: Apache Lounge VC14 Server built: Jul 11 2015 19:13:29
[Wed Jul 15 17:13:28.886054 2015] [core:notice] [pid 1196:tid 428] AH00094: Command line: 'C:\\Server\\Apache24\\bin\\httpd.exe -d C:/Server/Apache24'
[Wed Jul 15 17:13:28.887055 2015] [mpm_winnt:notice] [pid 1196:tid 428] AH00418: Parent: Created child process 6548
[Wed Jul 15 17:13:29.554640 2015] [mpm_winnt:notice] [pid 6548:tid 384] AH00354: Child: Starting 64 worker threads.
[Wed Jul 15 17:13:31.423957 2015] [mpm_winnt:notice] [pid 1196:tid 428] AH00422: Parent: Received shutdown signal -- Shutting down the server.
[Wed Jul 15 17:13:33.426462 2015] [mpm_winnt:notice] [pid 6548:tid 384] AH00364: Child: All worker threads have exited.
[Wed Jul 15 17:13:33.445559 2015] [mpm_winnt:notice] [pid 1196:tid 428] AH00430: Parent: Child process 6548 exited successfully.
[Wed Jul 15 17:13:36.708572 2015] [mpm_winnt:notice] [pid 6708:tid 464] AH00455: Apache/2.4.16 (Win32) configured -- resuming normal operations
[Wed Jul 15 17:13:36.709574 2015] [mpm_winnt:notice] [pid 6708:tid 464] AH00456: Apache Lounge VC14 Server built: Jul 11 2015 19:13:29
[Wed Jul 15 17:13:36.709574 2015] [core:notice] [pid 6708:tid 464] AH00094: Command line: 'C:\\Server\\Apache24\\bin\\httpd.exe -d C:/Server/Apache24'
[Wed Jul 15 17:13:36.710575 2015] [mpm_winnt:notice] [pid 6708:tid 464] AH00418: Parent: Created child process 5496
[Wed Jul 15 17:13:37.694229 2015] [mpm_winnt:notice] [pid 5496:tid 356] AH00354: Child: Starting 64 worker threads.
[Wed Jul 15 17:13:39.054035 2015] [mpm_winnt:notice] [pid 6708:tid 464] AH00424: Parent: Received restart signal -- Restarting the server.
[Wed Jul 15 17:13:39.337685 2015] [mpm_winnt:notice] [pid 6708:tid 464] AH00455: Apache/2.4.16 (Win32) configured -- resuming normal operations
[Wed Jul 15 17:13:39.337685 2015] [mpm_winnt:notice] [pid 6708:tid 464] AH00456: Apache Lounge VC14 Server built: Jul 11 2015 19:13:29
[Wed Jul 15 17:13:39.337685 2015] [core:notice] [pid 6708:tid 464] AH00094: Command line: 'C:\\Server\\Apache24\\bin\\httpd.exe -d C:/Server/Apache24'
[Wed Jul 15 17:13:39.340687 2015] [mpm_winnt:notice] [pid 6708:tid 464] AH00418: Parent: Created child process 3140
[Wed Jul 15 17:13:40.055841 2015] [mpm_winnt:notice] [pid 3140:tid 324] AH00354: Child: Starting 64 worker threads.
[Wed Jul 15 17:13:41.056022 2015] [mpm_winnt:notice] [pid 5496:tid 356] AH00364: Child: All worker threads have exited.
[Wed Jul 15 17:19:10.393432 2015] [mpm_winnt:notice] [pid 6708:tid 464] AH00424: Parent: Received restart signal -- Restarting the server.
[Wed Jul 15 17:19:10.443465 2015] [mpm_winnt:notice] [pid 6708:tid 464] AH00455: Apache/2.4.16 (Win32) configured -- resuming normal operations
[Wed Jul 15 17:19:10.443465 2015] [mpm_winnt:notice] [pid 6708:tid 464] AH00456: Apache Lounge VC14 Server built: Jul 11 2015 19:13:29
[Wed Jul 15 17:19:10.443465 2015] [core:notice] [pid 6708:tid 464] AH00094: Command line: 'C:\\Server\\Apache24\\bin\\httpd.exe -d C:/Server/Apache24'
[Wed Jul 15 17:19:10.445467 2015] [mpm_winnt:notice] [pid 6708:tid 464] AH00418: Parent: Created child process 2372
[Wed Jul 15 17:19:11.394415 2015] [mpm_winnt:notice] [pid 2372:tid 320] AH00354: Child: Starting 64 worker threads.
[Wed Jul 15 17:19:12.394746 2015] [mpm_winnt:notice] [pid 3140:tid 324] AH00364: Child: All worker threads have exited.
[Wed Jul 15 17:19:13.678641 2015] [mpm_winnt:notice] [pid 6708:tid 464] AH00424: Parent: Received restart signal -- Restarting the server.
[Wed Jul 15 17:19:13.731054 2015] [mpm_winnt:notice] [pid 6708:tid 464] AH00455: Apache/2.4.16 (Win32) configured -- resuming normal operations
[Wed Jul 15 17:19:13.731054 2015] [mpm_winnt:notice] [pid 6708:tid 464] AH00456: Apache Lounge VC14 Server built: Jul 11 2015 19:13:29
[Wed Jul 15 17:19:13.731054 2015] [core:notice] [pid 6708:tid 464] AH00094: Command line: 'C:\\Server\\Apache24\\bin\\httpd.exe -d C:/Server/Apache24'
[Wed Jul 15 17:19:13.733054 2015] [mpm_winnt:notice] [pid 6708:tid 464] AH00418: Parent: Created child process 5412
[Wed Jul 15 17:19:14.679810 2015] [mpm_winnt:notice] [pid 5412:tid 360] AH00354: Child: Starting 64 worker threads.
[Wed Jul 15 17:19:15.680278 2015] [mpm_winnt:notice] [pid 2372:tid 320] AH00364: Child: All worker threads have exited.
(OS 5)Zugriff verweigert  : AH00373: Failed to open the 'Apache2.4' service
(OS 5)Zugriff verweigert  : AH00373: Failed to open the 'Apache2.4' service
(OS 5)Zugriff verweigert  : AH00373: Failed to open the 'Apache2.4' service
(OS 5)Zugriff verweigert  : AH00373: Failed to open the 'Apache2.4' service
(OS 5)Zugriff verweigert  : AH00373: Failed to open the 'Apache2.4' service
(OS 5)Zugriff verweigert  : AH00373: Failed to open the 'Apache2.4' service
(OS 5)Zugriff verweigert  : AH00373: Failed to open the 'Apache2.4' service
(OS 5)Zugriff verweigert  : AH00373: Failed to open the 'Apache2.4' service
(OS 5)Zugriff verweigert  : AH00373: Failed to open the 'Apache2.4' service
(OS 5)Zugriff verweigert  : AH00373: Failed to open the 'Apache2.4' service
(OS 5)Zugriff verweigert  : AH00373: Failed to open the 'Apache2.4' service
(OS 5)Zugriff verweigert  : AH00373: Failed to open the 'Apache2.4' service
(OS 5)Zugriff verweigert  : AH00373: Failed to open the 'Apache2.4' service
(OS 5)Zugriff verweigert  : AH00373: Failed to open the 'Apache2.4' service
(OS 5)Zugriff verweigert  : AH00373: Failed to open the 'Apache2.4' service
(OS 5)Zugriff verweigert  : AH00373: Failed to open the 'Apache2.4' service
(OS 5)Zugriff verweigert  : AH00373: Failed to open the 'Apache2.4' service
(OS 5)Zugriff verweigert  : AH00373: Failed to open the 'Apache2.4' service
(OS 5)Zugriff verweigert  : AH00373: Failed to open the 'Apache2.4' service
(OS 5)Zugriff verweigert  : AH00373: Failed to open the 'Apache2.4' service
(OS 5)Zugriff verweigert  : AH00373: Failed to open the 'Apache2.4' service
Starting the 'Apache2.4' service
(OS 5)Zugriff verweigert  : AH00373: Failed to open the 'Apache2.4' service
[Thu Jul 16 09:11:15.393139 2015] [ssl:warn] [pid 956:tid 424] AH01906: suriyaakudo.ddns.net:443:0 server certificate is a CA certificate (BasicConstraints: CA == TRUE !?)
[Thu Jul 16 09:11:15.393139 2015] [ssl:warn] [pid 956:tid 424] AH01909: suriyaakudo.ddns.net:443:0 server certificate does NOT include an ID which matches the server name
[Thu Jul 16 09:11:15.455613 2015] [ssl:emerg] [pid 956:tid 424] AH02572: Failed to configure at least one certificate and key for www.example.com:443
[Thu Jul 16 09:11:15.455613 2015] [ssl:emerg] [pid 956:tid 424] SSL Library Error: error:0906D06C:PEM routines:PEM_read_bio:no start line (Expecting: DH PARAMETERS) -- Bad file contents or format - or even just a forgotten SSLCertificateKeyFile?
[Thu Jul 16 09:11:15.455613 2015] [ssl:emerg] [pid 956:tid 424] SSL Library Error: error:0906D06C:PEM routines:PEM_read_bio:no start line (Expecting: EC PARAMETERS) -- Bad file contents or format - or even just a forgotten SSLCertificateKeyFile?
[Thu Jul 16 09:11:15.455613 2015] [ssl:emerg] [pid 956:tid 424] SSL Library Error: error:140A80B1:SSL routines:SSL_CTX_check_private_key:no certificate assigned
[Thu Jul 16 09:11:15.455613 2015] [ssl:emerg] [pid 956:tid 424] AH02311: Fatal error initialising mod_ssl, exiting. See C:/Server/Apache24/logs/error.log for more information
AH00016: Configuration Failed
(OS 5)Zugriff verweigert  : AH00373: Failed to open the 'Apache2.4' service
[Thu Jul 16 09:11:56.488043 2015] [ssl:info] [pid 5308:tid 324] AH01883: Init: Initialized OpenSSL library
[Thu Jul 16 09:11:56.597420 2015] [ssl:warn] [pid 5308:tid 324] AH01906: suriyaakudo.ddns.net:443:0 server certificate is a CA certificate (BasicConstraints: CA == TRUE !?)
[Thu Jul 16 09:11:56.597420 2015] [ssl:warn] [pid 5308:tid 324] AH01909: suriyaakudo.ddns.net:443:0 server certificate does NOT include an ID which matches the server name
[Thu Jul 16 09:11:56.597420 2015] [ssl:emerg] [pid 5308:tid 324] AH02572: Failed to configure at least one certificate and key for www.example.com:443
[Thu Jul 16 09:11:56.597420 2015] [ssl:emerg] [pid 5308:tid 324] SSL Library Error: error:0906D06C:PEM routines:PEM_read_bio:no start line (Expecting: DH PARAMETERS) -- Bad file contents or format - or even just a forgotten SSLCertificateKeyFile?
[Thu Jul 16 09:11:56.597420 2015] [ssl:emerg] [pid 5308:tid 324] SSL Library Error: error:0906D06C:PEM routines:PEM_read_bio:no start line (Expecting: EC PARAMETERS) -- Bad file contents or format - or even just a forgotten SSLCertificateKeyFile?
[Thu Jul 16 09:11:56.597420 2015] [ssl:emerg] [pid 5308:tid 324] SSL Library Error: error:140A80B1:SSL routines:SSL_CTX_check_private_key:no certificate assigned
[Thu Jul 16 09:11:56.597420 2015] [ssl:emerg] [pid 5308:tid 324] AH02311: Fatal error initialising mod_ssl, exiting. See C:/Server/Apache24/logs/error.log for more information
AH00016: Configuration Failed
(OS 5)Zugriff verweigert  : AH00373: Failed to open the 'Apache2.4' service
(OS 5)Zugriff verweigert  : AH00373: Failed to open the 'Apache2.4' service
(OS 5)Zugriff verweigert  : AH00373: Failed to open the 'Apache2.4' service
(OS 5)Zugriff verweigert  : AH00373: Failed to open the 'Apache2.4' service
(OS 5)Zugriff verweigert  : AH00373: Failed to open the 'Apache2.4' service
(OS 5)Zugriff verweigert  : AH00373: Failed to open the 'Apache2.4' service
(OS 5)Zugriff verweigert  : AH00373: Failed to open the 'Apache2.4' service
(OS 5)Zugriff verweigert  : AH00373: Failed to open the 'Apache2.4' service
(OS 5)Zugriff verweigert  : AH00373: Failed to open the 'Apache2.4' service
(OS 5)Zugriff verweigert  : AH00373: Failed to open the 'Apache2.4' service
(OS 5)Zugriff verweigert  : AH00373: Failed to open the 'Apache2.4' service
(OS 5)Zugriff verweigert  : AH00373: Failed to open the 'Apache2.4' service
(OS 5)Zugriff verweigert  : AH00373: Failed to open the 'Apache2.4' service
(OS 5)Zugriff verweigert  : AH00373: Failed to open the 'Apache2.4' service
(OS 5)Zugriff verweigert  : AH00373: Failed to open the 'Apache2.4' service
(OS 5)Zugriff verweigert  : AH00373: Failed to open the 'Apache2.4' service
(OS 5)Zugriff verweigert  : AH00373: Failed to open the 'Apache2.4' service
(OS 5)Zugriff verweigert  : AH00373: Failed to open the 'Apache2.4' service
(OS 5)Zugriff verweigert  : AH00373: Failed to open the 'Apache2.4' service
(OS 5)Zugriff verweigert  : AH00373: Failed to open the 'Apache2.4' service
(OS 5)Zugriff verweigert  : AH00373: Failed to open the 'Apache2.4' service
(OS 5)Zugriff verweigert  : AH00373: Failed to open the 'Apache2.4' service
(OS 5)Zugriff verweigert  : AH00373: Failed to open the 'Apache2.4' service
(OS 5)Zugriff verweigert  : AH00373: Failed to open the 'Apache2.4' service
(OS 5)Zugriff verweigert  : AH00373: Failed to open the 'Apache2.4' service
(OS 5)Zugriff verweigert  : AH00373: Failed to open the 'Apache2.4' service
(OS 5)Zugriff verweigert  : AH00373: Failed to open the 'Apache2.4' service
(OS 5)Zugriff verweigert  : AH00373: Failed to open the 'Apache2.4' service
[Thu Jul 16 11:31:55.285352 2015] [mpm_winnt:notice] [pid 6708:tid 464] AH00422: Parent: Received shutdown signal -- Shutting down the server.
[Thu Jul 16 11:31:57.403787 2015] [mpm_winnt:notice] [pid 5412:tid 360] AH00364: Child: All worker threads have exited.
[Thu Jul 16 11:31:57.750391 2015] [mpm_winnt:notice] [pid 6708:tid 464] AH00430: Parent: Child process 5412 exited successfully.
[Thu Jul 16 11:32:14.645366 2015] [ssl:emerg] [pid 7060:tid 480] AH02572: Failed to configure at least one certificate and key for www.example.com:443
[Thu Jul 16 11:32:14.664655 2015] [ssl:emerg] [pid 7060:tid 480] SSL Library Error: error:140A80B1:SSL routines:SSL_CTX_check_private_key:no certificate assigned
[Thu Jul 16 11:32:14.665668 2015] [ssl:emerg] [pid 7060:tid 480] AH02311: Fatal error initialising mod_ssl, exiting. See C:/Server/Apache24/logs/error.log for more information
AH00016: Configuration Failed
[Thu Jul 16 11:32:21.893238 2015] [ssl:emerg] [pid 4396:tid 488] AH02572: Failed to configure at least one certificate and key for www.example.com:443
[Thu Jul 16 11:32:21.894239 2015] [ssl:emerg] [pid 4396:tid 488] SSL Library Error: error:140A80B1:SSL routines:SSL_CTX_check_private_key:no certificate assigned
[Thu Jul 16 11:32:21.895240 2015] [ssl:emerg] [pid 4396:tid 488] AH02311: Fatal error initialising mod_ssl, exiting. See C:/Server/Apache24/logs/error.log for more information
AH00016: Configuration Failed
[Thu Jul 16 11:39:12.143216 2015] [ssl:emerg] [pid 1604:tid 488] AH02572: Failed to configure at least one certificate and key for www.example.com:443
[Thu Jul 16 11:39:12.190099 2015] [ssl:emerg] [pid 1604:tid 488] SSL Library Error: error:140A80B1:SSL routines:SSL_CTX_check_private_key:no certificate assigned
[Thu Jul 16 11:39:12.190099 2015] [ssl:emerg] [pid 1604:tid 488] AH02311: Fatal error initialising mod_ssl, exiting. See C:/Server/Apache24/logs/error.log for more information
AH00016: Configuration Failed
[Thu Jul 16 12:00:45.435159 2015] [ssl:emerg] [pid 7092:tid 484] AH02572: Failed to configure at least one certificate and key for www.example.com:443
[Thu Jul 16 12:00:45.461210 2015] [ssl:emerg] [pid 7092:tid 484] SSL Library Error: error:140A80B1:SSL routines:SSL_CTX_check_private_key:no certificate assigned
[Thu Jul 16 12:00:45.462206 2015] [ssl:emerg] [pid 7092:tid 484] AH02311: Fatal error initialising mod_ssl, exiting. See C:/Server/Apache24/logs/error.log for more information
AH00016: Configuration Failed
[Thu Jul 16 12:01:36.717621 2015] [ssl:emerg] [pid 6872:tid 480] AH02572: Failed to configure at least one certificate and key for www.example.com:443
[Thu Jul 16 12:01:36.718622 2015] [ssl:emerg] [pid 6872:tid 480] SSL Library Error: error:140A80B1:SSL routines:SSL_CTX_check_private_key:no certificate assigned
[Thu Jul 16 12:01:36.718622 2015] [ssl:emerg] [pid 6872:tid 480] AH02311: Fatal error initialising mod_ssl, exiting. See C:/Server/Apache24/logs/error.log for more information
AH00016: Configuration Failed
[Thu Jul 16 12:01:44.461540 2015] [ssl:emerg] [pid 1312:tid 488] AH02572: Failed to configure at least one certificate and key for www.example.com:443
[Thu Jul 16 12:01:44.462542 2015] [ssl:emerg] [pid 1312:tid 488] SSL Library Error: error:140A80B1:SSL routines:SSL_CTX_check_private_key:no certificate assigned
[Thu Jul 16 12:01:44.462542 2015] [ssl:emerg] [pid 1312:tid 488] AH02311: Fatal error initialising mod_ssl, exiting. See C:/Server/Apache24/logs/error.log for more information
AH00016: Configuration Failed
Starting the 'Apache2.4' service
(OS 5)Zugriff verweigert  : AH00373: Failed to open the 'Apache2.4' service
[Thu Jul 16 12:02:31.637192 2015] [ssl:emerg] [pid 5664:tid 480] AH02572: Failed to configure at least one certificate and key for www.example.com:443
[Thu Jul 16 12:02:31.637192 2015] [ssl:emerg] [pid 5664:tid 480] SSL Library Error: error:140A80B1:SSL routines:SSL_CTX_check_private_key:no certificate assigned
[Thu Jul 16 12:02:31.638193 2015] [ssl:emerg] [pid 5664:tid 480] AH02311: Fatal error initialising mod_ssl, exiting. See C:/Server/Apache24/logs/error.log for more information
AH00016: Configuration Failed
(OS 5)Zugriff verweigert  : AH00373: Failed to open the 'Apache2.4' service
[Thu Jul 16 12:04:27.898652 2015] [ssl:emerg] [pid 1420:tid 508] AH02572: Failed to configure at least one certificate and key for www.example.com:443
[Thu Jul 16 12:04:27.899654 2015] [ssl:emerg] [pid 1420:tid 508] SSL Library Error: error:140A80B1:SSL routines:SSL_CTX_check_private_key:no certificate assigned
[Thu Jul 16 12:04:27.899654 2015] [ssl:emerg] [pid 1420:tid 508] AH02311: Fatal error initialising mod_ssl, exiting. See C:/Server/Apache24/logs/error.log for more information
AH00016: Configuration Failed
[Thu Jul 16 12:06:27.083726 2015] [ssl:emerg] [pid 1644:tid 480] AH02572: Failed to configure at least one certificate and key for www.example.com:443
[Thu Jul 16 12:06:27.084727 2015] [ssl:emerg] [pid 1644:tid 480] SSL Library Error: error:140A80B1:SSL routines:SSL_CTX_check_private_key:no certificate assigned
[Thu Jul 16 12:06:27.084727 2015] [ssl:emerg] [pid 1644:tid 480] AH02311: Fatal error initialising mod_ssl, exiting. See C:/Server/Apache24/logs/error.log for more information
AH00016: Configuration Failed
[Thu Jul 16 12:06:59.390658 2015] [ssl:info] [pid 6052:tid 364] AH01883: Init: Initialized OpenSSL library
[Thu Jul 16 12:06:59.513740 2015] [ssl:emerg] [pid 6052:tid 364] AH02572: Failed to configure at least one certificate and key for www.example.com:443
[Thu Jul 16 12:06:59.513740 2015] [ssl:emerg] [pid 6052:tid 364] SSL Library Error: error:140A80B1:SSL routines:SSL_CTX_check_private_key:no certificate assigned
[Thu Jul 16 12:06:59.514741 2015] [ssl:emerg] [pid 6052:tid 364] AH02311: Fatal error initialising mod_ssl, exiting. See C:/Server/Apache24/logs/error.log for more information
AH00016: Configuration Failed
[Thu Jul 16 12:07:51.643482 2015] [ssl:info] [pid 6232:tid 340] AH01883: Init: Initialized OpenSSL library
[Thu Jul 16 12:07:51.765562 2015] [ssl:emerg] [pid 6232:tid 340] AH02572: Failed to configure at least one certificate and key for www.example.com:443
[Thu Jul 16 12:07:51.765562 2015] [ssl:emerg] [pid 6232:tid 340] SSL Library Error: error:140A80B1:SSL routines:SSL_CTX_check_private_key:no certificate assigned
[Thu Jul 16 12:07:51.765562 2015] [ssl:emerg] [pid 6232:tid 340] AH02311: Fatal error initialising mod_ssl, exiting. See C:/Server/Apache24/logs/error.log for more information
AH00016: Configuration Failed
[Thu Jul 16 12:14:44.412415 2015] [ssl:emerg] [pid 6472:tid 488] AH02572: Failed to configure at least one certificate and key for www.example.com:443
[Thu Jul 16 12:14:44.413416 2015] [ssl:emerg] [pid 6472:tid 488] SSL Library Error: error:140A80B1:SSL routines:SSL_CTX_check_private_key:no certificate assigned
[Thu Jul 16 12:14:44.413416 2015] [ssl:emerg] [pid 6472:tid 488] AH02311: Fatal error initialising mod_ssl, exiting. See C:/Server/Apache24/logs/error.log for more information
AH00016: Configuration Failed
[Thu Jul 16 12:15:20.075191 2015] [ssl:emerg] [pid 2012:tid 484] AH02572: Failed to configure at least one certificate and key for www.example.com:443
[Thu Jul 16 12:15:20.076191 2015] [ssl:emerg] [pid 2012:tid 484] SSL Library Error: error:140A80B1:SSL routines:SSL_CTX_check_private_key:no certificate assigned
[Thu Jul 16 12:15:20.076191 2015] [ssl:emerg] [pid 2012:tid 484] AH02311: Fatal error initialising mod_ssl, exiting. See C:/Server/Apache24/logs/error.log for more information
AH00016: Configuration Failed
[Thu Jul 16 12:15:45.398171 2015] [ssl:emerg] [pid 4500:tid 496] AH02572: Failed to configure at least one certificate and key for www.example.com:443
[Thu Jul 16 12:15:45.399189 2015] [ssl:emerg] [pid 4500:tid 496] SSL Library Error: error:140A80B1:SSL routines:SSL_CTX_check_private_key:no certificate assigned
[Thu Jul 16 12:15:45.399189 2015] [ssl:emerg] [pid 4500:tid 496] AH02311: Fatal error initialising mod_ssl, exiting. See C:/Server/Apache24/logs/error.log for more information
AH00016: Configuration Failed
[Thu Jul 16 12:20:15.570628 2015] [ssl:emerg] [pid 5412:tid 480] AH02572: Failed to configure at least one certificate and key for www.example.com:443
[Thu Jul 16 12:20:15.571630 2015] [ssl:emerg] [pid 5412:tid 480] SSL Library Error: error:140A80B1:SSL routines:SSL_CTX_check_private_key:no certificate assigned
[Thu Jul 16 12:20:15.571630 2015] [ssl:emerg] [pid 5412:tid 480] AH02311: Fatal error initialising mod_ssl, exiting. See C:/Server/Apache24/logs/error.log for more information
AH00016: Configuration Failed
[Thu Jul 16 12:25:05.622333 2015] [ssl:info] [pid 4888:tid 340] AH01883: Init: Initialized OpenSSL library
[Thu Jul 16 12:25:05.734405 2015] [ssl:emerg] [pid 4888:tid 340] AH02572: Failed to configure at least one certificate and key for www.example.com:443
[Thu Jul 16 12:25:05.734405 2015] [ssl:emerg] [pid 4888:tid 340] SSL Library Error: error:140A80B1:SSL routines:SSL_CTX_check_private_key:no certificate assigned
[Thu Jul 16 12:25:05.734405 2015] [ssl:emerg] [pid 4888:tid 340] AH02311: Fatal error initialising mod_ssl, exiting. See C:/Server/Apache24/logs/error.log for more information
AH00016: Configuration Failed
Starting the 'Apache2.4' service
(OS 5)Zugriff verweigert  : AH00373: Failed to open the 'Apache2.4' service
[Thu Jul 16 12:25:21.433885 2015] [ssl:emerg] [pid 5648:tid 480] AH02572: Failed to configure at least one certificate and key for www.example.com:443
[Thu Jul 16 12:25:21.434885 2015] [ssl:emerg] [pid 5648:tid 480] SSL Library Error: error:140A80B1:SSL routines:SSL_CTX_check_private_key:no certificate assigned
[Thu Jul 16 12:25:21.434885 2015] [ssl:emerg] [pid 5648:tid 480] AH02311: Fatal error initialising mod_ssl, exiting. See C:/Server/Apache24/logs/error.log for more information
AH00016: Configuration Failed
[Thu Jul 16 12:26:02.686439 2015] [ssl:emerg] [pid 2000:tid 484] AH02572: Failed to configure at least one certificate and key for www.example.com:443
[Thu Jul 16 12:26:02.687440 2015] [ssl:emerg] [pid 2000:tid 484] SSL Library Error: error:140A80B1:SSL routines:SSL_CTX_check_private_key:no certificate assigned
[Thu Jul 16 12:26:02.687440 2015] [ssl:emerg] [pid 2000:tid 484] AH02311: Fatal error initialising mod_ssl, exiting. See C:/Server/Apache24/logs/error.log for more information
AH00016: Configuration Failed
[Thu Jul 16 12:29:12.929110 2015] [ssl:emerg] [pid 7160:tid 492] AH02572: Failed to configure at least one certificate and key for www.example.com:443
[Thu Jul 16 12:29:12.930111 2015] [ssl:emerg] [pid 7160:tid 492] SSL Library Error: error:140A80B1:SSL routines:SSL_CTX_check_private_key:no certificate assigned
[Thu Jul 16 12:29:12.930111 2015] [ssl:emerg] [pid 7160:tid 492] AH02311: Fatal error initialising mod_ssl, exiting. See C:/Server/Apache24/logs/error.log for more information
AH00016: Configuration Failed
[Thu Jul 16 12:32:27.175192 2015] [ssl:emerg] [pid 5144:tid 480] AH02572: Failed to configure at least one certificate and key for www.example.com:443
[Thu Jul 16 12:32:27.176193 2015] [ssl:emerg] [pid 5144:tid 480] SSL Library Error: error:140A80B1:SSL routines:SSL_CTX_check_private_key:no certificate assigned
[Thu Jul 16 12:32:27.176193 2015] [ssl:emerg] [pid 5144:tid 480] AH02311: Fatal error initialising mod_ssl, exiting. See C:/Server/Apache24/logs/error.log for more information
AH00016: Configuration Failed
[Thu Jul 16 12:35:57.615508 2015] [ssl:emerg] [pid 3648:tid 488] AH02572: Failed to configure at least one certificate and key for www.example.com:443
[Thu Jul 16 12:35:57.616510 2015] [ssl:emerg] [pid 3648:tid 488] SSL Library Error: error:140A80B1:SSL routines:SSL_CTX_check_private_key:no certificate assigned
[Thu Jul 16 12:35:57.616510 2015] [ssl:emerg] [pid 3648:tid 488] AH02311: Fatal error initialising mod_ssl, exiting. See C:/Server/Apache24/logs/error.log for more information
AH00016: Configuration Failed
[Thu Jul 16 12:36:05.678176 2015] [ssl:emerg] [pid 1312:tid 480] AH02572: Failed to configure at least one certificate and key for www.example.com:443
[Thu Jul 16 12:36:05.679178 2015] [ssl:emerg] [pid 1312:tid 480] SSL Library Error: error:140A80B1:SSL routines:SSL_CTX_check_private_key:no certificate assigned
[Thu Jul 16 12:36:05.679178 2015] [ssl:emerg] [pid 1312:tid 480] AH02311: Fatal error initialising mod_ssl, exiting. See C:/Server/Apache24/logs/error.log for more information
AH00016: Configuration Failed
Starting the 'Apache2.4' service
(OS 5)Zugriff verweigert  : AH00373: Failed to open the 'Apache2.4' service
[Thu Jul 16 12:37:56.411959 2015] [ssl:emerg] [pid 2888:tid 480] AH02572: Failed to configure at least one certificate and key for www.example.com:443
[Thu Jul 16 12:37:56.412961 2015] [ssl:emerg] [pid 2888:tid 480] SSL Library Error: error:140A80B1:SSL routines:SSL_CTX_check_private_key:no certificate assigned
[Thu Jul 16 12:37:56.412961 2015] [ssl:emerg] [pid 2888:tid 480] AH02311: Fatal error initialising mod_ssl, exiting. See C:/Server/Apache24/logs/error.log for more information
AH00016: Configuration Failed
Starting the 'Apache2.4' service
(OS 5)Zugriff verweigert  : AH00373: Failed to open the 'Apache2.4' service
[Fri Jul 17 13:18:15.426896 2015] [ssl:emerg] [pid 728:tid 480] AH02572: Failed to configure at least one certificate and key for www.example.com:443
[Fri Jul 17 13:18:15.426896 2015] [ssl:emerg] [pid 728:tid 480] SSL Library Error: error:140A80B1:SSL routines:SSL_CTX_check_private_key:no certificate assigned
[Fri Jul 17 13:18:15.426896 2015] [ssl:emerg] [pid 728:tid 480] AH02311: Fatal error initialising mod_ssl, exiting. See C:/Server/Apache24/logs/error.log for more information
AH00016: Configuration Failed
[Fri Jul 17 13:18:20.783390 2015] [ssl:emerg] [pid 7456:tid 500] AH02572: Failed to configure at least one certificate and key for www.example.com:443
[Fri Jul 17 13:18:20.783390 2015] [ssl:emerg] [pid 7456:tid 500] SSL Library Error: error:140A80B1:SSL routines:SSL_CTX_check_private_key:no certificate assigned
[Fri Jul 17 13:18:20.783390 2015] [ssl:emerg] [pid 7456:tid 500] AH02311: Fatal error initialising mod_ssl, exiting. See C:/Server/Apache24/logs/error.log for more information
AH00016: Configuration Failed
The 'Apache2.4' service is restarting.
Starting the 'Apache2.4' service
The 'Apache2.4' service is running.
Starting the 'Apache2.4' service
The 'Apache2.4' service is running.
sl:emerg] [pid 4236:tid 460] AH02572: Failed to configure at least one certificate and key for 83.171.162.43:443
[Fri Jul 17 13:58:43.965017 2015] [ssl:emerg] [pid 4236:tid 460] SSL Library Error: error:140A80B1:SSL routines:SSL_CTX_check_private_key:no certificate assigned
[Fri Jul 17 13:58:43.965017 2015] [ssl:emerg] [pid 4236:tid 460] AH02312: Fatal error initialising mod_ssl, exiting.
AH00016: Configuration Failed
Starting the 'Apache2.4' service
(OS 5)Zugriff verweigert  : AH00373: Failed to open the 'Apache2.4' service
(OS 5)Zugriff verweigert  : AH00373: Failed to open the 'Apache2.4' service
[Fri Jul 17 14:08:02.772237 2015] [ssl:info] [pid 5444:tid 284] AH01883: Init: Initialized OpenSSL library
[Fri Jul 17 14:08:02.912331 2015] [ssl:emerg] [pid 5444:tid 284] AH02572: Failed to configure at least one certificate and key for 83.171.162.43:443
[Fri Jul 17 14:08:02.913333 2015] [ssl:emerg] [pid 5444:tid 284] SSL Library Error: error:140A80B1:SSL routines:SSL_CTX_check_private_key:no certificate assigned
[Fri Jul 17 14:08:02.913333 2015] [ssl:emerg] [pid 5444:tid 284] AH02312: Fatal error initialising mod_ssl, exiting.
AH00016: Configuration Failed
