1451223789 -1 -1
1451223789 0 0 0 0
1451223636 0 0 0 0
1451223600 0 0 0 0
1451223300 0 0 0 0
1451223000 0 0 0 0
1451222700 0 0 0 0
1451222400 0 0 0 0
1451222100 0 0 0 0
1451221800 0 0 0 0
1451221500 0 0 0 0
1451221200 0 0 0 0
1451220900 0 0 0 0
1451220600 0 0 0 0
1451220300 0 0 0 0
1451220000 0 0 0 0
1451219700 0 0 0 0
1451219400 0 0 0 0
1451219100 0 0 0 0
1451218800 0 0 0 0
1451218500 0 0 0 0
1451218200 0 0 0 0
1451217900 0 0 0 0
1451217600 0 0 0 0
1451217300 0 0 0 0
1451217000 0 0 0 0
1451216700 0 0 0 0
1451216400 0 0 0 0
1451216100 0 0 0 0
1451215800 0 0 0 0
1451215500 0 0 0 0
1451215200 0 0 0 0
1451214900 0 0 0 0
1451214600 0 0 0 0
1451214300 0 0 0 0
1451214000 0 0 0 0
1451213700 0 0 0 0
1451213400 0 0 0 0
1451213100 0 0 0 0
1451212800 0 0 0 0
1451212500 0 0 0 0
1451212200 0 0 0 0
1451211900 0 0 0 0
1451211600 0 0 0 0
1451211300 0 0 0 0
1451211000 0 0 0 0
1451210700 0 0 0 0
1451210400 0 0 0 0
1451210100 0 0 0 0
1451209800 0 0 0 0
1451209500 0 0 0 0
1451209200 0 0 0 0
1451208900 0 0 0 0
1451208600 0 0 0 0
1451208300 0 0 0 0
1451208000 0 0 0 0
1451207700 0 0 0 0
1451207400 0 0 0 0
1451207100 0 0 0 0
1451206800 0 0 0 0
1451206500 0 0 0 0
1451206200 0 0 0 0
1451205900 0 0 0 0
1451205600 0 0 0 0
1451205300 0 0 0 0
1451205000 0 0 0 0
1451204700 0 0 0 0
1451204400 0 0 0 0
1451204100 0 0 0 0
1451203800 0 0 0 0
1451203500 0 0 0 0
1451203200 0 0 0 0
1451202900 0 0 0 0
1451202600 0 0 0 0
1451202300 0 0 0 0
1451202000 0 0 0 0
1451201700 0 0 0 0
1451201400 0 0 0 0
1451201100 0 0 0 0
1451200800 0 0 0 0
1451200500 0 0 0 0
1451200200 0 0 0 0
1451199900 0 0 0 0
1451199600 0 0 0 0
1451199300 0 0 0 0
1451199000 0 0 0 0
1451198700 0 0 0 0
1451198400 0 0 0 0
1451198100 0 0 0 0
1451197800 0 0 0 0
1451197500 0 0 0 0
1451197200 0 0 0 0
1451196900 0 0 0 0
1451196600 0 0 0 0
1451196300 0 0 0 0
1451196000 0 0 0 0
1451195700 0 0 0 0
1451195400 0 0 0 0
1451195100 0 0 0 0
1451194800 0 0 0 0
1451194500 0 0 0 0
1451194200 0 0 0 0
1451193900 0 0 0 0
1451193600 0 0 0 0
1451193300 0 0 0 0
1451193000 0 0 0 0
1451192700 0 0 0 0
1451192400 0 0 0 0
1451192100 0 0 0 0
1451191800 0 0 0 0
1451191500 0 0 0 0
1451191200 0 0 0 0
1451190900 0 0 0 0
1451190600 0 0 0 0
1451190300 0 0 0 0
1451190000 0 0 0 0
1451189700 0 0 0 0
1451189400 0 0 0 0
1451189100 0 0 0 0
1451188800 0 0 0 0
1451188500 0 0 0 0
1451188200 0 0 0 0
1451187900 0 0 0 0
1451187600 0 0 0 0
1451187300 0 0 0 0
1451187000 0 0 0 0
1451186700 0 0 0 0
1451186400 0 0 0 0
1451186100 0 0 0 0
1451185800 0 0 0 0
1451185500 0 0 0 0
1451185200 0 0 0 0
1451184900 0 0 0 0
1451184600 0 0 0 0
1451184300 0 0 0 0
1451184000 0 0 0 0
1451183700 0 0 0 0
1451183400 0 0 0 0
1451183100 0 0 0 0
1451182800 0 0 0 0
1451182500 0 0 0 0
1451182200 0 0 0 0
1451181900 0 0 0 0
1451181600 0 0 0 0
1451181300 0 0 0 0
1451181000 0 0 0 0
1451180700 0 0 0 0
1451180400 0 0 0 0
1451180100 0 0 0 0
1451179800 0 0 0 0
1451179500 0 0 0 0
1451179200 0 0 0 0
1451178900 0 0 0 0
1451178600 0 0 0 0
1451178300 0 0 0 0
1451178000 0 0 0 0
1451177700 0 0 0 0
1451177400 0 0 0 0
1451177100 0 0 0 0
1451176800 0 0 0 0
1451176500 0 0 0 0
1451176200 0 0 0 0
1451175900 0 0 0 0
1451175600 0 0 0 0
1451175300 0 0 0 0
1451175000 0 0 0 0
1451174700 0 0 0 0
1451174400 0 0 0 0
1451174100 0 0 0 0
1451173800 0 0 0 0
1451173500 0 0 0 0
1451173200 0 0 0 0
1451172900 0 0 0 0
1451172600 0 0 0 0
1451172300 0 0 0 0
1451172000 0 0 0 0
1451171700 0 0 0 0
1451171400 0 0 0 0
1451171100 0 0 0 0
1451170800 0 0 0 0
1451170500 0 0 0 0
1451170200 0 0 0 0
1451169900 0 0 0 0
1451169600 0 0 0 0
1451169300 0 0 0 0
1451169000 0 0 0 0
1451168700 0 0 0 0
1451168400 0 0 0 0
1451168100 0 0 0 0
1451167800 0 0 0 0
1451167500 0 0 0 0
1451167200 0 0 0 0
1451166900 0 0 0 0
1451166600 0 0 0 0
1451166300 0 0 0 0
1451166000 0 0 0 0
1451165700 0 0 0 0
1451165400 0 0 0 0
1451165100 0 0 0 0
1451164800 0 0 0 0
1451164500 0 0 0 0
1451164200 0 0 0 0
1451163900 0 0 0 0
1451163600 0 0 0 0
1451163300 0 0 0 0
1451163000 0 0 0 0
1451162700 0 0 0 0
1451162400 0 0 0 0
1451162100 0 0 0 0
1451161800 0 0 0 0
1451161500 0 0 0 0
1451161200 0 0 0 0
1451160900 0 0 0 0
1451160600 0 0 0 0
1451160300 0 0 0 0
1451160000 0 0 0 0
1451159700 0 0 0 0
1451159400 0 0 0 0
1451159100 0 0 0 0
1451158800 0 0 0 0
1451158500 0 0 0 0
1451158200 0 0 0 0
1451157900 0 0 0 0
1451157600 0 0 0 0
1451157300 0 0 0 0
1451157000 0 0 0 0
1451156700 0 0 0 0
1451156400 0 0 0 0
1451156100 0 0 0 0
1451155800 0 0 0 0
1451155500 0 0 0 0
1451155200 0 0 0 0
1451154900 0 0 0 0
1451154600 0 0 0 0
1451154300 0 0 0 0
1451154000 0 0 0 0
1451153700 0 0 0 0
1451153400 0 0 0 0
1451153100 0 0 0 0
1451152800 0 0 0 0
1451152500 0 0 0 0
1451152200 0 0 0 0
1451151900 0 0 0 0
1451151600 0 0 0 0
1451151300 0 0 0 0
1451151000 0 0 0 0
1451150700 0 0 0 0
1451150400 0 0 0 0
1451150100 0 0 0 0
1451149800 0 0 0 0
1451149500 0 0 0 0
1451149200 0 0 0 0
1451148900 0 0 0 0
1451148600 0 0 0 0
1451148300 0 0 0 0
1451148000 0 0 0 0
1451147700 0 0 0 0
1451147400 0 0 0 0
1451147100 0 0 0 0
1451146800 0 0 0 0
1451146500 0 0 0 0
1451146200 0 0 0 0
1451145900 0 0 0 0
1451145600 0 0 0 0
1451145300 0 0 0 0
1451145000 0 0 0 0
1451144700 0 0 0 0
1451144400 0 0 0 0
1451144100 0 0 0 0
1451143800 0 0 0 0
1451143500 0 0 0 0
1451143200 0 0 0 0
1451142900 0 0 0 0
1451142600 0 0 0 0
1451142300 0 0 0 0
1451142000 0 0 0 0
1451141700 0 0 0 0
1451141400 0 0 0 0
1451141100 0 0 0 0
1451140800 0 0 0 0
1451140500 0 0 0 0
1451140200 0 0 0 0
1451139900 0 0 0 0
1451139600 0 0 0 0
1451139300 0 0 0 0
1451139000 0 0 0 0
1451138700 0 0 0 0
1451138400 0 0 0 0
1451138100 0 0 0 0
1451137800 0 0 0 0
1451137500 0 0 0 0
1451137200 0 0 0 0
1451136900 0 0 0 0
1451136600 0 0 0 0
1451136300 0 0 0 0
1451136000 0 0 0 0
1451135700 0 0 0 0
1451135400 0 0 0 0
1451135100 0 0 0 0
1451134800 0 0 0 0
1451134500 0 0 0 0
1451134200 0 0 0 0
1451133900 0 0 0 0
1451133600 0 0 0 0
1451133300 0 0 0 0
1451133000 0 0 0 0
1451132700 0 0 0 0
1451132400 0 0 0 0
1451132100 0 0 0 0
1451131800 0 0 0 0
1451131500 0 0 0 0
1451131200 0 0 0 0
1451130900 0 0 0 0
1451130600 0 0 0 0
1451130300 0 0 0 0
1451130000 0 0 0 0
1451129700 0 0 0 0
1451129400 0 0 0 0
1451129100 0 0 0 0
1451128800 0 0 0 0
1451128500 0 0 0 0
1451128200 0 0 0 0
1451127900 0 0 0 0
1451127600 0 0 0 0
1451127300 0 0 0 0
1451127000 0 0 0 0
1451126700 0 0 0 0
1451126400 0 0 0 0
1451126100 0 0 0 0
1451125800 0 0 0 0
1451125500 0 0 0 0
1451125200 0 0 0 0
1451124900 0 0 0 0
1451124600 0 0 0 0
1451124300 0 0 0 0
1451124000 0 0 0 0
1451123700 0 0 0 0
1451123400 0 0 0 0
1451123100 0 0 0 0
1451122800 0 0 0 0
1451122500 0 0 0 0
1451122200 0 0 0 0
1451121900 0 0 0 0
1451121600 0 0 0 0
1451121300 0 0 0 0
1451121000 0 0 0 0
1451120700 0 0 0 0
1451120400 0 0 0 0
1451120100 0 0 0 0
1451119800 0 0 0 0
1451119500 0 0 0 0
1451119200 0 0 0 0
1451118900 0 0 0 0
1451118600 0 0 0 0
1451118300 0 0 0 0
1451118000 0 0 0 0
1451117700 0 0 0 0
1451117400 0 0 0 0
1451117100 0 0 0 0
1451116800 0 0 0 0
1451116500 0 0 0 0
1451116200 0 0 0 0
1451115900 0 0 0 0
1451115600 0 0 0 0
1451115300 0 0 0 0
1451115000 0 0 0 0
1451114700 0 0 0 0
1451114400 0 0 0 0
1451114100 0 0 0 0
1451113800 0 0 0 0
1451113500 0 0 0 0
1451113200 0 0 0 0
1451112900 0 0 0 0
1451112600 0 0 0 0
1451112300 0 0 0 0
1451112000 0 0 0 0
1451111700 0 0 0 0
1451111400 0 0 0 0
1451111100 0 0 0 0
1451110800 0 0 0 0
1451110500 0 0 0 0
1451110200 0 0 0 0
1451109900 0 0 0 0
1451109600 0 0 0 0
1451109300 0 0 0 0
1451109000 0 0 0 0
1451108700 0 0 0 0
1451108400 0 0 0 0
1451108100 0 0 0 0
1451107800 0 0 0 0
1451107500 0 0 0 0
1451107200 0 0 0 0
1451106900 0 0 0 0
1451106600 0 0 0 0
1451106300 0 0 0 0
1451106000 0 0 0 0
1451105700 0 0 0 0
1451105400 0 0 0 0
1451105100 0 0 0 0
1451104800 0 0 0 0
1451104500 0 0 0 0
1451104200 0 0 0 0
1451103900 0 0 0 0
1451103600 0 0 0 0
1451103300 0 0 0 0
1451103000 0 0 0 0
1451102700 0 0 0 0
1451102400 0 0 0 0
1451102100 0 0 0 0
1451101800 0 0 0 0
1451101500 0 0 0 0
1451101200 0 0 0 0
1451100900 0 0 0 0
1451100600 0 0 0 0
1451100300 0 0 0 0
1451100000 0 0 0 0
1451099700 0 0 0 0
1451099400 0 0 0 0
1451099100 0 0 0 0
1451098800 0 0 0 0
1451098500 0 0 0 0
1451098200 0 0 0 0
1451097900 0 0 0 0
1451097600 0 0 0 0
1451097300 0 0 0 0
1451097000 0 0 0 0
1451096700 0 0 0 0
1451096400 0 0 0 0
1451096100 0 0 0 0
1451095800 0 0 0 0
1451095500 0 0 0 0
1451095200 0 0 0 0
1451094900 0 0 0 0
1451094600 0 0 0 0
1451094300 0 0 0 0
1451094000 0 0 0 0
1451093700 0 0 0 0
1451093400 0 0 0 0
1451093100 0 0 0 0
1451092800 0 0 0 0
1451092500 0 0 0 0
1451092200 0 0 0 0
1451091900 0 0 0 0
1451091600 0 0 0 0
1451091300 0 0 0 0
1451091000 0 0 0 0
1451090700 0 0 0 0
1451090400 0 0 0 0
1451090100 0 0 0 0
1451089800 0 0 0 0
1451089500 0 0 0 0
1451089200 0 0 0 0
1451088900 0 0 0 0
1451088600 0 0 0 0
1451088300 0 0 0 0
1451088000 0 0 0 0
1451087700 0 0 0 0
1451087400 0 0 0 0
1451087100 0 0 0 0
1451086800 0 0 0 0
1451086500 0 0 0 0
1451086200 0 0 0 0
1451085900 0 0 0 0
1451085600 0 0 0 0
1451085300 0 0 0 0
1451085000 0 0 0 0
1451084700 0 0 0 0
1451084400 0 0 0 0
1451084100 0 0 0 0
1451083800 0 0 0 0
1451083500 0 0 0 0
1451083200 0 0 0 0
1451082900 0 0 0 0
1451082600 0 0 0 0
1451082300 0 0 0 0
1451082000 0 0 0 0
1451081700 0 0 0 0
1451081400 0 0 0 0
1451081100 0 0 0 0
1451080800 0 0 0 0
1451080500 0 0 0 0
1451080200 0 0 0 0
1451079900 0 0 0 0
1451079600 0 0 0 0
1451079300 0 0 0 0
1451079000 0 0 0 0
1451078700 0 0 0 0
1451078400 0 0 0 0
1451078100 0 0 0 0
1451077800 0 0 0 0
1451077500 0 0 0 0
1451077200 0 0 0 0
1451076900 0 0 0 0
1451076600 0 0 0 0
1451076300 0 0 0 0
1451076000 0 0 0 0
1451075700 0 0 0 0
1451075400 0 0 0 0
1451075100 0 0 0 0
1451074800 0 0 0 0
1451074500 0 0 0 0
1451074200 0 0 0 0
1451073900 0 0 0 0
1451073600 0 0 0 0
1451073300 0 0 0 0
1451073000 0 0 0 0
1451072700 0 0 0 0
1451072400 0 0 0 0
1451072100 0 0 0 0
1451071800 0 0 0 0
1451071500 0 0 0 0
1451071200 0 0 0 0
1451070900 0 0 0 0
1451070600 0 0 0 0
1451070300 0 0 0 0
1451070000 0 0 0 0
1451069700 0 0 0 0
1451069400 0 0 0 0
1451069100 0 0 0 0
1451068800 0 0 0 0
1451068500 0 0 0 0
1451068200 0 0 0 0
1451067900 0 0 0 0
1451067600 0 0 0 0
1451067300 0 0 0 0
1451067000 0 0 0 0
1451066700 0 0 0 0
1451066400 0 0 0 0
1451066100 0 0 0 0
1451065800 0 0 0 0
1451065500 0 0 0 0
1451065200 0 0 0 0
1451064900 0 0 0 0
1451064600 0 0 0 0
1451064300 0 0 0 0
1451064000 0 0 0 0
1451063700 0 0 0 0
1451063400 0 0 0 0
1451063100 0 0 0 0
1451062800 0 0 0 0
1451062500 0 0 0 0
1451062200 0 0 0 0
1451061900 0 0 0 0
1451061600 0 0 0 0
1451061300 0 0 0 0
1451061000 0 0 0 0
1451060700 0 0 0 0
1451060400 0 0 0 0
1451060100 0 0 0 0
1451059800 0 0 0 0
1451059500 0 0 0 0
1451059200 0 0 0 0
1451058900 0 0 0 0
1451058600 0 0 0 0
1451058300 0 0 0 0
1451058000 0 0 0 0
1451057700 0 0 0 0
1451057400 0 0 0 0
1451057100 0 0 0 0
1451056800 0 0 0 0
1451056500 0 0 0 0
1451056200 0 0 0 0
1451055900 0 0 0 0
1451055600 0 0 0 0
1451055300 0 0 0 0
1451055000 0 0 0 0
1451054700 0 0 0 0
1451054400 0 0 0 0
1451054100 0 0 0 0
1451053800 0 0 0 0
1451053500 0 0 0 0
1451053200 0 0 0 0
1451052900 0 0 0 0
1451052600 0 0 0 0
1451052300 0 0 0 0
1451052000 0 0 0 0
1451051700 0 0 0 0
1451051400 0 0 0 0
1451051100 0 0 0 0
1451050800 0 0 0 0
1451050500 0 0 0 0
1451050200 0 0 0 0
1451049900 0 0 0 0
1451049600 0 0 0 0
1451049300 0 0 0 0
1451049000 0 0 0 0
1451048700 0 0 0 0
1451048400 0 0 0 0
1451048100 0 0 0 0
1451047800 0 0 0 0
1451047500 0 0 0 0
1451047200 0 0 0 0
1451046900 0 0 0 0
1451046600 0 0 0 0
1451046300 0 0 0 0
1451046000 0 0 0 0
1451045700 0 0 0 0
1451045400 0 0 0 0
1451045100 0 0 0 0
1451044800 0 0 0 0
1451044500 0 0 0 0
1451044200 0 0 0 0
1451043900 0 0 0 0
1451043000 0 0 0 0
1451041200 0 0 0 0
1451039400 0 0 0 0
1451037600 0 0 0 0
1451035800 0 0 0 0
1451034000 0 0 0 0
1451032200 0 0 0 0
1451030400 0 0 0 0
1451028600 0 0 0 0
1451026800 0 0 0 0
1451025000 0 0 0 0
1451023200 0 0 0 0
1451021400 0 0 0 0
1451019600 0 0 0 0
1451017800 0 0 0 0
1451016000 0 0 0 0
1451014200 0 0 0 0
1451012400 0 0 0 0
1451010600 0 0 0 0
1451008800 0 0 0 0
1451007000 0 0 0 0
1451005200 0 0 0 0
1451003400 0 0 0 0
1451001600 0 0 0 0
1450999800 0 0 0 0
1450998000 0 0 0 0
1450996200 0 0 0 0
1450994400 0 0 0 0
1450992600 0 0 0 0
1450990800 0 0 0 0
1450989000 0 0 0 0
1450987200 0 0 0 0
1450985400 0 0 0 0
1450983600 0 0 0 0
1450981800 0 0 0 0
1450980000 0 0 0 0
1450978200 0 0 0 0
1450976400 0 0 0 0
1450974600 0 0 0 0
1450972800 0 0 0 0
1450971000 0 0 0 0
1450969200 0 0 0 0
1450967400 0 0 0 0
1450965600 0 0 0 0
1450963800 0 0 0 0
1450962000 0 0 0 0
1450960200 0 0 0 0
1450958400 0 0 0 0
1450956600 0 0 0 0
1450954800 0 0 0 0
1450953000 0 0 0 0
1450951200 0 0 0 0
1450949400 0 0 0 0
1450947600 0 0 0 0
1450945800 0 0 0 0
1450944000 0 0 0 0
1450942200 0 0 0 0
1450940400 0 0 0 0
1450938600 0 0 0 0
1450936800 0 0 0 0
1450935000 0 0 0 0
1450933200 0 0 0 0
1450931400 0 0 0 0
1450929600 0 0 0 0
1450927800 0 0 0 0
1450926000 0 0 0 0
1450924200 0 0 0 0
1450922400 0 0 0 0
1450920600 0 0 0 0
1450918800 0 0 0 0
1450917000 0 0 0 0
1450915200 0 0 0 0
1450913400 0 0 0 0
1450911600 0 0 0 0
1450909800 0 0 0 0
1450908000 0 0 0 0
1450906200 0 0 0 0
1450904400 0 0 0 0
1450902600 0 0 0 0
1450900800 0 0 0 0
1450899000 0 0 0 0
1450897200 0 0 0 0
1450895400 0 0 0 0
1450893600 0 0 0 0
1450891800 0 0 0 0
1450890000 0 0 0 0
1450888200 0 0 0 0
1450886400 0 0 0 0
1450884600 0 0 0 0
1450882800 0 0 0 0
1450881000 0 0 0 0
1450879200 0 0 0 0
1450877400 0 0 0 0
1450875600 0 0 0 0
1450873800 0 0 0 0
1450872000 0 0 0 0
1450870200 0 0 0 0
1450868400 0 0 0 0
1450866600 0 0 0 0
1450864800 0 0 0 0
1450863000 0 0 0 0
1450861200 0 0 0 0
1450859400 0 0 0 0
1450857600 0 0 0 0
1450855800 0 0 0 0
1450854000 0 0 0 0
1450852200 0 0 0 0
1450850400 0 0 0 0
1450848600 0 0 0 0
1450846800 0 0 0 0
1450845000 0 0 0 0
1450843200 0 0 0 0
1450841400 0 0 0 0
1450839600 0 0 0 0
1450837800 0 0 0 0
1450836000 0 0 0 0
1450834200 0 0 0 0
1450832400 0 0 0 0
1450830600 0 0 0 0
1450828800 0 0 0 0
1450827000 0 0 0 0
1450825200 0 0 0 0
1450823400 0 0 0 0
1450821600 0 0 0 0
1450819800 0 0 0 0
1450818000 0 0 0 0
1450816200 0 0 0 0
1450814400 0 0 0 0
1450812600 0 0 0 0
1450810800 0 0 0 0
1450809000 0 0 0 0
1450807200 0 0 0 0
1450805400 0 0 0 0
1450803600 0 0 0 0
1450801800 0 0 0 0
1450800000 0 0 0 0
1450798200 0 0 0 0
1450796400 0 0 0 0
1450794600 0 0 0 0
1450792800 0 0 0 0
1450791000 0 0 0 0
1450789200 0 0 0 0
1450787400 0 0 0 0
1450785600 0 0 0 0
1450783800 0 0 0 0
1450782000 0 0 0 0
1450780200 0 0 0 0
1450778400 0 0 0 0
1450776600 0 0 0 0
1450774800 0 0 0 0
1450773000 0 0 0 0
1450771200 0 0 0 0
1450769400 0 0 0 0
1450767600 0 0 0 0
1450765800 0 0 0 0
1450764000 0 0 0 0
1450762200 0 0 0 0
1450760400 0 0 0 0
1450758600 0 0 0 0
1450756800 0 0 0 0
1450755000 0 0 0 0
1450753200 0 0 0 0
1450751400 0 0 0 0
1450749600 0 0 0 0
1450747800 0 0 0 0
1450746000 0 0 0 0
1450744200 0 0 0 0
1450742400 0 0 0 0
1450740600 0 0 0 0
1450738800 0 0 0 0
1450737000 0 0 0 0
1450735200 0 0 0 0
1450733400 0 0 0 0
1450731600 0 0 0 0
1450729800 0 0 0 0
1450728000 0 0 0 0
1450726200 0 0 0 0
1450724400 0 0 0 0
1450722600 0 0 0 0
1450720800 0 0 0 0
1450719000 0 0 0 0
1450717200 0 0 0 0
1450715400 0 0 0 0
1450713600 0 0 0 0
1450711800 0 0 0 0
1450710000 0 0 0 0
1450708200 0 0 0 0
1450706400 0 0 0 0
1450704600 0 0 0 0
1450702800 0 0 0 0
1450701000 0 0 0 0
1450699200 0 0 0 0
1450697400 0 0 0 0
1450695600 0 0 0 0
1450693800 0 0 0 0
1450692000 0 0 0 0
1450690200 0 0 0 0
1450688400 0 0 0 0
1450686600 0 0 0 0
1450684800 0 0 0 0
1450683000 0 0 0 0
1450681200 0 0 0 0
1450679400 0 0 0 0
1450677600 0 0 0 0
1450675800 0 0 0 0
1450674000 0 0 0 0
1450672200 0 0 0 0
1450670400 0 0 0 0
1450668600 0 0 0 0
1450666800 0 0 0 0
1450665000 0 0 0 0
1450663200 0 0 0 0
1450661400 0 0 0 0
1450659600 0 0 0 0
1450657800 0 0 0 0
1450656000 0 0 0 0
1450654200 0 0 0 0
1450652400 0 0 0 0
1450650600 0 0 0 0
1450648800 0 0 0 0
1450647000 0 0 0 0
1450645200 0 0 0 0
1450643400 0 0 0 0
1450641600 0 0 0 0
1450639800 0 0 0 0
1450638000 0 0 0 0
1450636200 0 0 0 0
1450634400 0 0 0 0
1450632600 0 0 0 0
1450630800 0 0 0 0
1450629000 0 0 0 0
1450627200 0 0 0 0
1450625400 0 0 0 0
1450623600 0 0 0 0
1450621800 0 0 0 0
1450620000 0 0 0 0
1450618200 0 0 0 0
1450616400 0 0 0 0
1450614600 0 0 0 0
1450612800 0 0 0 0
1450611000 0 0 0 0
1450609200 0 0 0 0
1450607400 0 0 0 0
1450605600 0 0 0 0
1450603800 0 0 0 0
1450602000 0 0 0 0
1450600200 0 0 0 0
1450598400 0 0 0 0
1450596600 0 0 0 0
1450594800 0 0 0 0
1450593000 0 0 0 0
1450591200 0 0 0 0
1450589400 0 0 0 0
1450587600 0 0 0 0
1450585800 0 0 0 0
1450584000 0 0 0 0
1450582200 0 0 0 0
1450580400 0 0 0 0
1450578600 0 0 0 0
1450576800 0 0 0 0
1450575000 0 0 0 0
1450573200 0 0 0 0
1450571400 0 0 0 0
1450569600 0 0 0 0
1450567800 0 0 0 0
1450566000 0 0 0 0
1450564200 0 0 0 0
1450562400 0 0 0 0
1450560600 0 0 0 0
1450558800 0 0 0 0
1450557000 0 0 0 0
1450555200 0 0 0 0
1450553400 0 0 0 0
1450551600 0 0 0 0
1450549800 0 0 0 0
1450548000 0 0 0 0
1450546200 0 0 0 0
1450544400 0 0 0 0
1450542600 0 0 0 0
1450540800 0 0 0 0
1450539000 0 0 0 0
1450537200 0 0 0 0
1450535400 0 0 0 0
1450533600 0 0 0 0
1450531800 0 0 0 0
1450530000 0 0 0 0
1450528200 0 0 0 0
1450526400 0 0 0 0
1450524600 0 0 0 0
1450522800 0 0 0 0
1450521000 0 0 0 0
1450519200 0 0 0 0
1450517400 0 0 0 0
1450515600 0 0 0 0
1450513800 0 0 0 0
1450512000 0 0 0 0
1450510200 0 0 0 0
1450508400 0 0 0 0
1450506600 0 0 0 0
1450504800 0 0 0 0
1450503000 0 0 0 0
1450501200 0 0 0 0
1450499400 0 0 0 0
1450497600 0 0 0 0
1450495800 0 0 0 0
1450494000 0 0 0 0
1450492200 0 0 0 0
1450490400 0 0 0 0
1450488600 0 0 0 0
1450486800 0 0 0 0
1450485000 0 0 0 0
1450483200 0 0 0 0
1450481400 0 0 0 0
1450479600 0 0 0 0
1450477800 0 0 0 0
1450476000 0 0 0 0
1450474200 0 0 0 0
1450472400 0 0 0 0
1450470600 0 0 0 0
1450468800 0 0 0 0
1450467000 0 0 0 0
1450465200 0 0 0 0
1450463400 0 0 0 0
1450461600 0 0 0 0
1450459800 0 0 0 0
1450458000 0 0 0 0
1450456200 0 0 0 0
1450454400 0 0 0 0
1450452600 0 0 0 0
1450450800 0 0 0 0
1450449000 0 0 0 0
1450447200 0 0 0 0
1450445400 0 0 0 0
1450443600 0 0 0 0
1450441800 0 0 0 0
1450440000 0 0 0 0
1450438200 0 0 0 0
1450436400 0 0 0 0
1450434600 0 0 0 0
1450432800 0 0 0 0
1450431000 0 0 0 0
1450429200 0 0 0 0
1450427400 0 0 0 0
1450425600 0 0 0 0
1450423800 0 0 0 0
1450422000 0 0 0 0
1450420200 0 0 0 0
1450418400 0 0 0 0
1450416600 0 0 0 0
1450414800 0 0 0 0
1450413000 0 0 0 0
1450411200 0 0 0 0
1450409400 0 0 0 0
1450407600 0 0 0 0
1450405800 0 0 0 0
1450404000 0 0 0 0
1450402200 0 0 0 0
1450400400 0 0 0 0
1450398600 0 0 0 0
1450396800 0 0 0 0
1450395000 0 0 0 0
1450393200 0 0 0 0
1450391400 0 0 0 0
1450389600 0 0 0 0
1450387800 0 0 0 0
1450386000 0 0 0 0
1450384200 0 0 0 0
1450382400 0 0 0 0
1450380600 0 0 0 0
1450378800 0 0 0 0
1450377000 0 0 0 0
1450375200 0 0 0 0
1450373400 0 0 0 0
1450371600 0 0 0 0
1450369800 0 0 0 0
1450368000 0 0 0 0
1450366200 0 0 0 0
1450364400 0 0 0 0
1450362600 0 0 0 0
1450360800 0 0 0 0
1450359000 0 0 0 0
1450357200 0 0 0 0
1450355400 0 0 0 0
1450353600 0 0 0 0
1450351800 0 0 0 0
1450350000 0 0 0 0
1450348200 0 0 0 0
1450346400 0 0 0 0
1450344600 0 0 0 0
1450342800 0 0 0 0
1450341000 0 0 0 0
1450339200 0 0 0 0
1450337400 0 0 0 0
1450335600 0 0 0 0
1450333800 0 0 0 0
1450332000 0 0 0 0
1450330200 0 0 0 0
1450328400 0 0 0 0
1450326600 0 0 0 0
1450324800 0 0 0 0
1450323000 0 0 0 0
1450321200 0 0 0 0
1450319400 0 0 0 0
1450317600 0 0 0 0
1450315800 0 0 0 0
1450314000 0 0 0 0
1450312200 0 0 0 0
1450310400 0 0 0 0
1450308600 0 0 0 0
1450306800 0 0 0 0
1450305000 0 0 0 0
1450303200 0 0 0 0
1450301400 0 0 0 0
1450299600 0 0 0 0
1450297800 0 0 0 0
1450296000 0 0 0 0
1450294200 0 0 0 0
1450292400 0 0 0 0
1450290600 0 0 0 0
1450288800 0 0 0 0
1450287000 0 0 0 0
1450285200 0 0 0 0
1450283400 0 0 0 0
1450281600 0 0 0 0
1450279800 0 0 0 0
1450278000 0 0 0 0
1450276200 0 0 0 0
1450274400 0 0 0 0
1450272600 0 0 0 0
1450270800 0 0 0 0
1450269000 0 0 0 0
1450267200 0 0 0 0
1450265400 0 0 0 0
1450263600 0 0 0 0
1450261800 0 0 0 0
1450260000 0 0 0 0
1450258200 0 0 0 0
1450256400 0 0 0 0
1450254600 0 0 0 0
1450252800 0 0 0 0
1450251000 0 0 0 0
1450249200 0 0 0 0
1450247400 0 0 0 0
1450245600 0 0 0 0
1450243800 0 0 0 0
1450242000 0 0 0 0
1450240200 0 0 0 0
1450238400 0 0 0 0
1450236600 0 0 0 0
1450234800 0 0 0 0
1450233000 0 0 0 0
1450231200 0 0 0 0
1450229400 0 0 0 0
1450227600 0 0 0 0
1450225800 0 0 0 0
1450224000 0 0 0 0
1450222200 0 0 0 0
1450220400 0 0 0 0
1450218600 0 0 0 0
1450216800 0 0 0 0
1450215000 0 0 0 0
1450213200 0 0 0 0
1450211400 0 0 0 0
1450209600 0 0 0 0
1450207800 0 0 0 0
1450206000 0 0 0 0
1450204200 0 0 0 0
1450202400 0 0 0 0
1450200600 0 0 0 0
1450198800 0 0 0 0
1450197000 0 0 0 0
1450195200 0 0 0 0
1450193400 0 0 0 0
1450191600 0 0 0 0
1450189800 0 0 0 0
1450188000 0 0 0 0
1450186200 0 0 0 0
1450184400 0 0 0 0
1450182600 0 0 0 0
1450180800 0 0 0 0
1450179000 0 0 0 0
1450177200 0 0 0 0
1450175400 0 0 0 0
1450173600 0 0 0 0
1450171800 0 0 0 0
1450170000 0 0 0 0
1450168200 0 0 0 0
1450166400 0 0 0 0
1450164600 0 0 0 0
1450162800 0 0 0 0
1450161000 0 0 0 0
1450159200 0 0 0 0
1450157400 0 0 0 0
1450155600 0 0 0 0
1450153800 0 0 0 0
1450152000 0 0 0 0
1450150200 0 0 0 0
1450148400 0 0 0 0
1450146600 0 0 0 0
1450144800 0 0 0 0
1450143000 0 0 0 0
1450141200 0 0 0 0
1450139400 0 0 0 0
1450137600 0 0 0 0
1450135800 0 0 0 0
1450134000 0 0 0 0
1450132200 0 0 0 0
1450130400 0 0 0 0
1450128600 0 0 0 0
1450126800 0 0 0 0
1450125000 0 0 0 0
1450123200 0 0 0 0
1450121400 0 0 0 0
1450119600 0 0 0 0
1450117800 0 0 0 0
1450116000 0 0 0 0
1450114200 0 0 0 0
1450112400 0 0 0 0
1450110600 0 0 0 0
1450108800 0 0 0 0
1450107000 0 0 0 0
1450105200 0 0 0 0
1450103400 0 0 0 0
1450101600 0 0 0 0
1450099800 0 0 0 0
1450098000 0 0 0 0
1450096200 0 0 0 0
1450094400 0 0 0 0
1450092600 0 0 0 0
1450090800 0 0 0 0
1450089000 0 0 0 0
1450087200 0 0 0 0
1450085400 0 0 0 0
1450083600 0 0 0 0
1450081800 0 0 0 0
1450080000 0 0 0 0
1450078200 0 0 0 0
1450076400 0 0 0 0
1450074600 0 0 0 0
1450072800 0 0 0 0
1450071000 0 0 0 0
1450069200 0 0 0 0
1450067400 0 0 0 0
1450065600 0 0 0 0
1450063800 0 0 0 0
1450062000 0 0 0 0
1450060200 0 0 0 0
1450058400 0 0 0 0
1450056600 0 0 0 0
1450054800 0 0 0 0
1450053000 0 0 0 0
1450051200 0 0 0 0
1450049400 0 0 0 0
1450047600 0 0 0 0
1450045800 0 0 0 0
1450044000 0 0 0 0
1450042200 0 0 0 0
1450040400 0 0 0 0
1450038600 0 0 0 0
1450036800 0 0 0 0
1450035000 0 0 0 0
1450033200 0 0 0 0
1450031400 0 0 0 0
1450029600 0 0 0 0
1450027800 0 0 0 0
1450026000 0 0 0 0
1450024200 0 0 0 0
1450022400 0 0 0 0
1450020600 0 0 0 0
1450018800 0 0 0 0
1450017000 0 0 0 0
1450015200 0 0 0 0
1450013400 0 0 0 0
1450011600 0 0 0 0
1450009800 0 0 0 0
1450008000 0 0 0 0
1450006200 0 0 0 0
1450004400 0 0 0 0
1450002600 0 0 0 0
1450000800 0 0 0 0
1449999000 0 0 0 0
1449997200 0 0 0 0
1449995400 0 0 0 0
1449993600 0 0 0 0
1449991800 0 0 0 0
1449990000 0 0 0 0
1449988200 0 0 0 0
1449986400 0 0 0 0
1449984600 0 0 0 0
1449982800 0 0 0 0
1449981000 0 0 0 0
1449979200 0 0 0 0
1449977400 0 0 0 0
1449975600 0 0 0 0
1449973800 0 0 0 0
1449972000 0 0 0 0
1449970200 0 0 0 0
1449968400 0 0 0 0
1449966600 0 0 0 0
1449964800 0 0 0 0
1449963000 0 0 0 0
1449957600 0 0 0 0
1449950400 0 0 0 0
1449943200 0 0 0 0
1449936000 0 0 0 0
1449928800 0 0 0 0
1449921600 0 0 0 0
1449914400 0 0 0 0
1449907200 0 0 0 0
1449900000 0 0 0 0
1449892800 0 0 0 0
1449885600 0 0 0 0
1449878400 0 0 0 0
1449871200 0 0 0 0
1449864000 0 0 0 0
1449856800 0 0 0 0
1449849600 0 0 0 0
1449842400 0 0 0 0
1449835200 0 0 0 0
1449828000 0 0 0 0
1449820800 0 0 0 0
1449813600 0 0 0 0
1449806400 0 0 0 0
1449799200 0 0 0 0
1449792000 0 0 0 0
1449784800 0 0 0 0
1449777600 0 0 0 0
1449770400 0 0 0 0
1449763200 0 0 0 0
1449756000 0 0 0 0
1449748800 0 0 0 0
1449741600 0 0 0 0
1449734400 0 0 0 0
1449727200 0 0 0 0
1449720000 0 0 0 0
1449712800 0 0 0 0
1449705600 0 0 0 0
1449698400 0 0 0 0
1449691200 0 0 0 0
1449684000 0 0 0 0
1449676800 0 0 0 0
1449669600 0 0 0 0
1449662400 0 0 0 0
1449655200 0 0 0 0
1449648000 0 0 0 0
1449640800 0 0 0 0
1449633600 0 0 0 0
1449626400 0 0 0 0
1449619200 0 0 0 0
1449612000 0 0 0 0
1449604800 0 0 0 0
1449597600 0 0 0 0
1449590400 0 0 0 0
1449583200 0 0 0 0
1449576000 0 0 0 0
1449568800 0 0 0 0
1449561600 0 0 0 0
1449554400 0 0 0 0
1449547200 0 0 0 0
1449540000 0 0 0 0
1449532800 0 0 0 0
1449525600 0 0 0 0
1449518400 0 0 0 0
1449511200 0 0 0 0
1449504000 0 0 0 0
1449496800 0 0 0 0
1449489600 0 0 0 0
1449482400 0 0 0 0
1449475200 0 0 0 0
1449468000 0 0 0 0
1449460800 0 0 0 0
1449453600 0 0 0 0
1449446400 0 0 0 0
1449439200 0 0 0 0
1449432000 0 0 0 0
1449424800 0 0 0 0
1449417600 0 0 0 0
1449410400 0 0 0 0
1449403200 0 0 0 0
1449396000 0 0 0 0
1449388800 0 0 0 0
1449381600 0 0 0 0
1449374400 0 0 0 0
1449367200 0 0 0 0
1449360000 0 0 0 0
1449352800 0 0 0 0
1449345600 0 0 0 0
1449338400 0 0 0 0
1449331200 0 0 0 0
1449324000 0 0 0 0
1449316800 0 0 0 0
1449309600 0 0 0 0
1449302400 0 0 0 0
1449295200 0 0 0 0
1449288000 0 0 0 0
1449280800 0 0 0 0
1449273600 0 0 0 0
1449266400 0 0 0 0
1449259200 0 0 0 0
1449252000 0 0 0 0
1449244800 0 0 0 0
1449237600 0 0 0 0
1449230400 0 0 0 0
1449223200 0 0 0 0
1449216000 0 0 0 0
1449208800 0 0 0 0
1449201600 0 0 0 0
1449194400 0 0 0 0
1449187200 0 0 0 0
1449180000 0 0 0 0
1449172800 0 0 0 0
1449165600 0 0 0 0
1449158400 0 0 0 0
1449151200 0 0 0 0
1449144000 0 0 0 0
1449136800 0 0 0 0
1449129600 0 0 0 0
1449122400 0 0 0 0
1449115200 0 0 0 0
1449108000 0 0 0 0
1449100800 0 0 0 0
1449093600 0 0 0 0
1449086400 0 0 0 0
1449079200 0 0 0 0
1449072000 0 0 0 0
1449064800 0 0 0 0
1449057600 0 0 0 0
1449050400 0 0 0 0
1449043200 0 0 0 0
1449036000 0 0 0 0
1449028800 0 0 0 0
1449021600 0 0 0 0
1449014400 0 0 0 0
1449007200 0 0 0 0
1449000000 0 0 0 0
1448992800 0 0 0 0
1448985600 0 0 0 0
1448978400 0 0 0 0
1448971200 0 0 0 0
1448964000 0 0 0 0
1448956800 0 0 0 0
1448949600 0 0 0 0
1448942400 0 0 0 0
1448935200 0 0 0 0
1448928000 0 0 0 0
1448920800 0 0 0 0
1448913600 0 0 0 0
1448906400 0 0 0 0
1448899200 0 0 0 0
1448892000 0 0 0 0
1448884800 0 0 0 0
1448877600 0 0 0 0
1448870400 0 0 0 0
1448863200 0 0 0 0
1448856000 0 0 0 0
1448848800 0 0 0 0
1448841600 0 0 0 0
1448834400 0 0 0 0
1448827200 0 0 0 0
1448820000 0 0 0 0
1448812800 0 0 0 0
1448805600 0 0 0 0
1448798400 0 0 0 0
1448791200 0 0 0 0
1448784000 0 0 0 0
1448776800 0 0 0 0
1448769600 0 0 0 0
1448762400 0 0 0 0
1448755200 0 0 0 0
1448748000 0 0 0 0
1448740800 0 0 0 0
1448733600 0 0 0 0
1448726400 0 0 0 0
1448719200 0 0 0 0
1448712000 0 0 0 0
1448704800 0 0 0 0
1448697600 0 0 0 0
1448690400 0 0 0 0
1448683200 0 0 0 0
1448676000 0 0 0 0
1448668800 0 0 0 0
1448661600 0 0 0 0
1448654400 0 0 0 0
1448647200 0 0 0 0
1448640000 0 0 0 0
1448632800 0 0 0 0
1448625600 0 0 0 0
1448618400 0 0 0 0
1448611200 0 0 0 0
1448604000 0 0 0 0
1448596800 0 0 0 0
1448589600 0 0 0 0
1448582400 0 0 0 0
1448575200 0 0 0 0
1448568000 0 0 0 0
1448560800 0 0 0 0
1448553600 0 0 0 0
1448546400 0 0 0 0
1448539200 0 0 0 0
1448532000 0 0 0 0
1448524800 0 0 0 0
1448517600 0 0 0 0
1448510400 0 0 0 0
1448503200 0 0 0 0
1448496000 0 0 0 0
1448488800 0 0 0 0
1448481600 0 0 0 0
1448474400 0 0 0 0
1448467200 0 0 0 0
1448460000 0 0 0 0
1448452800 0 0 0 0
1448445600 0 0 0 0
1448438400 0 0 0 0
1448431200 0 0 0 0
1448424000 0 0 0 0
1448416800 0 0 0 0
1448409600 0 0 0 0
1448402400 0 0 0 0
1448395200 0 0 0 0
1448388000 0 0 0 0
1448380800 0 0 0 0
1448373600 0 0 0 0
1448366400 0 0 0 0
1448359200 0 0 0 0
1448352000 0 0 0 0
1448344800 0 0 0 0
1448337600 0 0 0 0
1448330400 0 0 0 0
1448323200 0 0 0 0
1448316000 0 0 0 0
1448308800 0 0 0 0
1448301600 0 0 0 0
1448294400 0 0 0 0
1448287200 0 0 0 0
1448280000 0 0 0 0
1448272800 0 0 0 0
1448265600 0 0 0 0
1448258400 0 0 0 0
1448251200 0 0 0 0
1448244000 0 0 0 0
1448236800 0 0 0 0
1448229600 0 0 0 0
1448222400 0 0 0 0
1448215200 0 0 0 0
1448208000 0 0 0 0
1448200800 0 0 0 0
1448193600 0 0 0 0
1448186400 0 0 0 0
1448179200 0 0 0 0
1448172000 0 0 0 0
1448164800 0 0 0 0
1448157600 0 0 0 0
1448150400 0 0 0 0
1448143200 0 0 0 0
1448136000 0 0 0 0
1448128800 0 0 0 0
1448121600 0 0 0 0
1448114400 0 0 0 0
1448107200 0 0 0 0
1448100000 0 0 0 0
1448092800 0 0 0 0
1448085600 0 0 0 0
1448078400 0 0 0 0
1448071200 0 0 0 0
1448064000 0 0 0 0
1448056800 0 0 0 0
1448049600 0 0 0 0
1448042400 0 0 0 0
1448035200 0 0 0 0
1448028000 0 0 0 0
1448020800 0 0 0 0
1448013600 0 0 0 0
1448006400 0 0 0 0
1447999200 0 0 0 0
1447992000 0 0 0 0
1447984800 0 0 0 0
1447977600 0 0 0 0
1447970400 0 0 0 0
1447963200 0 0 0 0
1447956000 0 0 0 0
1447948800 0 0 0 0
1447941600 0 0 0 0
1447934400 0 0 0 0
1447927200 0 0 0 0
1447920000 0 0 0 0
1447912800 0 0 0 0
1447905600 0 0 0 0
1447898400 0 0 0 0
1447891200 0 0 0 0
1447884000 0 0 0 0
1447876800 0 0 0 0
1447869600 0 0 0 0
1447862400 0 0 0 0
1447855200 0 0 0 0
1447848000 0 0 0 0
1447840800 0 0 0 0
1447833600 0 0 0 0
1447826400 0 0 0 0
1447819200 0 0 0 0
1447812000 0 0 0 0
1447804800 0 0 0 0
1447797600 0 0 0 0
1447790400 0 0 0 0
1447783200 0 0 0 0
1447776000 0 0 0 0
1447768800 0 0 0 0
1447761600 0 0 0 0
1447754400 0 0 0 0
1447747200 0 0 0 0
1447740000 0 0 0 0
1447732800 0 0 0 0
1447725600 0 0 0 0
1447718400 0 0 0 0
1447711200 0 0 0 0
1447704000 0 0 0 0
1447696800 0 0 0 0
1447689600 0 0 0 0
1447682400 0 0 0 0
1447675200 0 0 0 0
1447668000 0 0 0 0
1447660800 0 0 0 0
1447653600 0 0 0 0
1447646400 0 0 0 0
1447639200 0 0 0 0
1447632000 0 0 0 0
1447624800 0 0 0 0
1447617600 0 0 0 0
1447610400 0 0 0 0
1447603200 0 0 0 0
1447596000 0 0 0 0
1447588800 0 0 0 0
1447581600 0 0 0 0
1447574400 0 0 0 0
1447567200 0 0 0 0
1447560000 0 0 0 0
1447552800 0 0 0 0
1447545600 0 0 0 0
1447538400 0 0 0 0
1447531200 0 0 0 0
1447524000 0 0 0 0
1447516800 0 0 0 0
1447509600 0 0 0 0
1447502400 0 0 0 0
1447495200 0 0 0 0
1447488000 0 0 0 0
1447480800 0 0 0 0
1447473600 0 0 0 0
1447466400 0 0 0 0
1447459200 0 0 0 0
1447452000 0 0 0 0
1447444800 0 0 0 0
1447437600 0 0 0 0
1447430400 0 0 0 0
1447423200 0 0 0 0
1447416000 0 0 0 0
1447408800 0 0 0 0
1447401600 0 0 0 0
1447394400 0 0 0 0
1447387200 0 0 0 0
1447380000 0 0 0 0
1447372800 0 0 0 0
1447365600 0 0 0 0
1447358400 0 0 0 0
1447351200 0 0 0 0
1447344000 0 0 0 0
1447336800 0 0 0 0
1447329600 0 0 0 0
1447322400 0 0 0 0
1447315200 0 0 0 0
1447308000 0 0 0 0
1447300800 0 0 0 0
1447293600 0 0 0 0
1447286400 0 0 0 0
1447279200 0 0 0 0
1447272000 0 0 0 0
1447264800 0 0 0 0
1447257600 0 0 0 0
1447250400 0 0 0 0
1447243200 0 0 0 0
1447236000 0 0 0 0
1447228800 0 0 0 0
1447221600 0 0 0 0
1447214400 0 0 0 0
1447207200 0 0 0 0
1447200000 0 0 0 0
1447192800 0 0 0 0
1447185600 0 0 0 0
1447178400 0 0 0 0
1447171200 0 0 0 0
1447164000 0 0 0 0
1447156800 0 0 0 0
1447149600 0 0 0 0
1447142400 0 0 0 0
1447135200 0 0 0 0
1447128000 0 0 0 0
1447120800 0 0 0 0
1447113600 0 0 0 0
1447106400 0 0 0 0
1447099200 0 0 0 0
1447092000 0 0 0 0
1447084800 0 0 0 0
1447077600 0 0 0 0
1447070400 0 0 0 0
1447063200 0 0 0 0
1447056000 0 0 0 0
1447048800 0 0 0 0
1447041600 0 0 0 0
1447034400 0 0 0 0
1447027200 0 0 0 0
1447020000 0 0 0 0
1447012800 0 0 0 0
1447005600 0 0 0 0
1446998400 0 0 0 0
1446991200 0 0 0 0
1446984000 0 0 0 0
1446976800 0 0 0 0
1446969600 0 0 0 0
1446962400 0 0 0 0
1446955200 0 0 0 0
1446948000 0 0 0 0
1446940800 0 0 0 0
1446933600 0 0 0 0
1446926400 0 0 0 0
1446919200 0 0 0 0
1446912000 0 0 0 0
1446904800 0 0 0 0
1446897600 0 0 0 0
1446890400 0 0 0 0
1446883200 0 0 0 0
1446876000 0 0 0 0
1446868800 0 0 0 0
1446861600 0 0 0 0
1446854400 0 0 0 0
1446847200 0 0 0 0
1446840000 0 0 0 0
1446832800 0 0 0 0
1446825600 0 0 0 0
1446818400 0 0 0 0
1446811200 0 0 0 0
1446804000 0 0 0 0
1446796800 0 0 0 0
1446789600 0 0 0 0
1446782400 0 0 0 0
1446775200 0 0 0 0
1446768000 0 0 0 0
1446760800 0 0 0 0
1446753600 0 0 0 0
1446746400 0 0 0 0
1446739200 0 0 0 0
1446732000 0 0 0 0
1446724800 0 0 0 0
1446717600 0 0 0 0
1446710400 0 0 0 0
1446703200 0 0 0 0
1446696000 0 0 0 0
1446688800 0 0 0 0
1446681600 0 0 0 0
1446674400 0 0 0 0
1446667200 0 0 0 0
1446660000 0 0 0 0
1446652800 0 0 0 0
1446645600 0 0 0 0
1446638400 0 0 0 0
1446631200 0 0 0 0
1446624000 0 0 0 0
1446616800 0 0 0 0
1446609600 0 0 0 0
1446602400 0 0 0 0
1446595200 0 0 0 0
1446588000 0 0 0 0
1446580800 0 0 0 0
1446573600 0 0 0 0
1446566400 0 0 0 0
1446559200 0 0 0 0
1446552000 0 0 0 0
1446544800 0 0 0 0
1446537600 0 0 0 0
1446530400 0 0 0 0
1446523200 0 0 0 0
1446516000 0 0 0 0
1446508800 0 0 0 0
1446501600 0 0 0 0
1446494400 0 0 0 0
1446487200 0 0 0 0
1446480000 0 0 0 0
1446472800 0 0 0 0
1446465600 0 0 0 0
1446458400 0 0 0 0
1446451200 0 0 0 0
1446444000 0 0 0 0
1446436800 0 0 0 0
1446429600 0 0 0 0
1446422400 0 0 0 0
1446415200 0 0 0 0
1446408000 0 0 0 0
1446400800 0 0 0 0
1446393600 0 0 0 0
1446386400 0 0 0 0
1446379200 0 0 0 0
1446372000 0 0 0 0
1446364800 0 0 0 0
1446357600 0 0 0 0
1446350400 0 0 0 0
1446343200 0 0 0 0
1446336000 0 0 0 0
1446328800 0 0 0 0
1446321600 0 0 0 0
1446314400 0 0 0 0
1446307200 0 0 0 0
1446300000 0 0 0 0
1446292800 0 0 0 0
1446285600 0 0 0 0
1446278400 0 0 0 0
1446271200 0 0 0 0
1446264000 0 0 0 0
1446256800 0 0 0 0
1446249600 0 0 0 0
1446242400 0 0 0 0
1446235200 0 0 0 0
1446228000 0 0 0 0
1446220800 0 0 0 0
1446213600 0 0 0 0
1446206400 0 0 0 0
1446199200 0 0 0 0
1446192000 0 0 0 0
1446184800 0 0 0 0
1446177600 0 0 0 0
1446170400 0 0 0 0
1446163200 0 0 0 0
1446156000 0 0 0 0
1446148800 0 0 0 0
1446141600 0 0 0 0
1446134400 0 0 0 0
1446127200 0 0 0 0
1446120000 0 0 0 0
1446112800 0 0 0 0
1446105600 0 0 0 0
1446098400 0 0 0 0
1446091200 0 0 0 0
1446084000 0 0 0 0
1446076800 0 0 0 0
1446069600 0 0 0 0
1446062400 0 0 0 0
1446055200 0 0 0 0
1446048000 0 0 0 0
1446040800 0 0 0 0
1446033600 0 0 0 0
1446026400 0 0 0 0
1446019200 0 0 0 0
1446012000 0 0 0 0
1446004800 0 0 0 0
1445997600 0 0 0 0
1445990400 0 0 0 0
1445983200 0 0 0 0
1445976000 0 0 0 0
1445968800 0 0 0 0
1445961600 0 0 0 0
1445954400 0 0 0 0
1445947200 0 0 0 0
1445940000 0 0 0 0
1445932800 0 0 0 0
1445925600 0 0 0 0
1445918400 0 0 0 0
1445911200 0 0 0 0
1445904000 0 0 0 0
1445896800 0 0 0 0
1445889600 0 0 0 0
1445882400 0 0 0 0
1445875200 0 0 0 0
1445868000 0 0 0 0
1445860800 0 0 0 0
1445853600 0 0 0 0
1445846400 0 0 0 0
1445839200 0 0 0 0
1445832000 0 0 0 0
1445824800 0 0 0 0
1445817600 0 0 0 0
1445810400 0 0 0 0
1445803200 0 0 0 0
1445796000 0 0 0 0
1445788800 0 0 0 0
1445781600 0 0 0 0
1445774400 0 0 0 0
1445767200 0 0 0 0
1445760000 0 0 0 0
1445752800 0 0 0 0
1445745600 0 0 0 0
1445738400 0 0 0 0
1445731200 0 0 0 0
1445724000 0 0 0 0
1445716800 0 0 0 0
1445709600 0 0 0 0
1445702400 0 0 0 0
1445695200 0 0 0 0
1445688000 0 0 0 0
1445680800 0 0 0 0
1445673600 0 0 0 0
1445666400 0 0 0 0
1445659200 0 0 0 0
1445652000 0 0 0 0
1445644800 0 0 0 0
1445637600 0 0 0 0
1445558400 0 0 0 0
1445472000 0 0 0 0
1445385600 0 0 0 0
1445299200 0 0 0 0
1445212800 0 0 0 0
1445126400 0 0 0 0
1445040000 0 0 0 0
1444953600 0 0 0 0
1444867200 0 0 0 0
1444780800 0 0 0 0
1444694400 0 0 0 0
1444608000 0 0 0 0
1444521600 0 0 0 0
1444435200 0 0 0 0
1444348800 0 0 0 0
1444262400 0 0 0 0
1444176000 0 0 0 0
1444089600 0 0 0 0
1444003200 0 0 0 0
1443916800 0 0 0 0
1443830400 0 0 0 0
1443744000 0 0 0 0
1443657600 0 0 0 0
1443571200 0 0 0 0
1443484800 0 0 0 0
1443398400 0 0 0 0
1443312000 0 0 0 0
1443225600 0 0 0 0
1443139200 0 0 0 0
1443052800 0 0 0 0
1442966400 0 0 0 0
1442880000 0 0 0 0
1442793600 0 0 0 0
1442707200 0 0 0 0
1442620800 0 0 0 0
1442534400 0 0 0 0
1442448000 0 0 0 0
1442361600 0 0 0 0
1442275200 0 0 0 0
1442188800 0 0 0 0
1442102400 0 0 0 0
1442016000 0 0 0 0
1441929600 0 0 0 0
1441843200 0 0 0 0
1441756800 0 0 0 0
1441670400 0 0 0 0
1441584000 0 0 0 0
1441497600 0 0 0 0
1441411200 0 0 0 0
1441324800 0 0 0 0
1441238400 0 0 0 0
1441152000 0 0 0 0
1441065600 0 0 0 0
1440979200 0 0 0 0
1440892800 0 0 0 0
1440806400 0 0 0 0
1440720000 0 0 0 0
1440633600 0 0 0 0
1440547200 0 0 0 0
1440460800 0 0 0 0
1440374400 0 0 0 0
1440288000 0 0 0 0
1440201600 0 0 0 0
1440115200 0 0 0 0
1440028800 0 0 0 0
1439942400 0 0 0 0
1439856000 0 0 0 0
1439769600 0 0 0 0
1439683200 0 0 0 0
1439596800 0 0 0 0
1439510400 0 0 0 0
1439424000 0 0 0 0
1439337600 0 0 0 0
1439251200 0 0 0 0
1439164800 0 0 0 0
1439078400 0 0 0 0
1438992000 0 0 0 0
1438905600 0 0 0 0
1438819200 0 0 0 0
1438732800 0 0 0 0
1438646400 0 0 0 0
1438560000 0 0 0 0
1438473600 0 0 0 0
1438387200 0 0 0 0
1438300800 0 0 0 0
1438214400 0 0 0 0
1438128000 0 0 0 0
1438041600 0 0 0 0
1437955200 0 0 0 0
1437868800 0 0 0 0
1437782400 0 0 0 0
1437696000 0 0 0 0
1437609600 0 0 0 0
1437523200 0 0 0 0
1437436800 0 0 0 0
1437350400 0 0 0 0
1437264000 0 0 0 0
1437177600 0 0 0 0
1437091200 0 0 0 0
1437004800 0 0 0 0
1436918400 0 0 0 0
1436832000 0 0 0 0
1436745600 0 0 0 0
1436659200 0 0 0 0
1436572800 0 0 0 0
1436486400 0 0 0 0
1436400000 0 0 0 0
1436313600 0 0 0 0
1436227200 0 0 0 0
1436140800 0 0 0 0
1436054400 0 0 0 0
1435968000 0 0 0 0
1435881600 0 0 0 0
1435795200 0 0 0 0
1435708800 0 0 0 0
1435622400 0 0 0 0
1435536000 0 0 0 0
1435449600 0 0 0 0
1435363200 0 0 0 0
1435276800 0 0 0 0
1435190400 0 0 0 0
1435104000 0 0 0 0
1435017600 0 0 0 0
1434931200 0 0 0 0
1434844800 0 0 0 0
1434758400 0 0 0 0
1434672000 0 0 0 0
1434585600 0 0 0 0
1434499200 0 0 0 0
1434412800 0 0 0 0
1434326400 0 0 0 0
1434240000 0 0 0 0
1434153600 0 0 0 0
1434067200 0 0 0 0
1433980800 0 0 0 0
1433894400 0 0 0 0
1433808000 0 0 0 0
1433721600 0 0 0 0
1433635200 0 0 0 0
1433548800 0 0 0 0
1433462400 0 0 0 0
1433376000 0 0 0 0
1433289600 0 0 0 0
1433203200 0 0 0 0
1433116800 0 0 0 0
1433030400 0 0 0 0
1432944000 0 0 0 0
1432857600 0 0 0 0
1432771200 0 0 0 0
1432684800 0 0 0 0
1432598400 0 0 0 0
1432512000 0 0 0 0
1432425600 0 0 0 0
1432339200 0 0 0 0
1432252800 0 0 0 0
1432166400 0 0 0 0
1432080000 0 0 0 0
1431993600 0 0 0 0
1431907200 0 0 0 0
1431820800 0 0 0 0
1431734400 0 0 0 0
1431648000 0 0 0 0
1431561600 0 0 0 0
1431475200 0 0 0 0
1431388800 0 0 0 0
1431302400 0 0 0 0
1431216000 0 0 0 0
1431129600 0 0 0 0
1431043200 0 0 0 0
1430956800 0 0 0 0
1430870400 0 0 0 0
1430784000 0 0 0 0
1430697600 0 0 0 0
1430611200 0 0 0 0
1430524800 0 0 0 0
1430438400 0 0 0 0
1430352000 0 0 0 0
1430265600 0 0 0 0
1430179200 0 0 0 0
1430092800 0 0 0 0
1430006400 0 0 0 0
1429920000 0 0 0 0
1429833600 0 0 0 0
1429747200 0 0 0 0
1429660800 0 0 0 0
1429574400 0 0 0 0
1429488000 0 0 0 0
1429401600 0 0 0 0
1429315200 0 0 0 0
1429228800 0 0 0 0
1429142400 0 0 0 0
1429056000 0 0 0 0
1428969600 0 0 0 0
1428883200 0 0 0 0
1428796800 0 0 0 0
1428710400 0 0 0 0
1428624000 0 0 0 0
1428537600 0 0 0 0
1428451200 0 0 0 0
1428364800 0 0 0 0
1428278400 0 0 0 0
1428192000 0 0 0 0
1428105600 0 0 0 0
1428019200 0 0 0 0
1427932800 0 0 0 0
1427846400 0 0 0 0
1427760000 0 0 0 0
1427673600 0 0 0 0
1427587200 0 0 0 0
1427500800 0 0 0 0
1427414400 0 0 0 0
1427328000 0 0 0 0
1427241600 0 0 0 0
1427155200 0 0 0 0
1427068800 0 0 0 0
1426982400 0 0 0 0
1426896000 0 0 0 0
1426809600 0 0 0 0
1426723200 0 0 0 0
1426636800 0 0 0 0
1426550400 0 0 0 0
1426464000 0 0 0 0
1426377600 0 0 0 0
1426291200 0 0 0 0
1426204800 0 0 0 0
1426118400 0 0 0 0
1426032000 0 0 0 0
1425945600 0 0 0 0
1425859200 0 0 0 0
1425772800 0 0 0 0
1425686400 0 0 0 0
1425600000 0 0 0 0
1425513600 0 0 0 0
1425427200 0 0 0 0
1425340800 0 0 0 0
1425254400 0 0 0 0
1425168000 0 0 0 0
1425081600 0 0 0 0
1424995200 0 0 0 0
1424908800 0 0 0 0
1424822400 0 0 0 0
1424736000 0 0 0 0
1424649600 0 0 0 0
1424563200 0 0 0 0
1424476800 0 0 0 0
1424390400 0 0 0 0
1424304000 0 0 0 0
1424217600 0 0 0 0
1424131200 0 0 0 0
1424044800 0 0 0 0
1423958400 0 0 0 0
1423872000 0 0 0 0
1423785600 0 0 0 0
1423699200 0 0 0 0
1423612800 0 0 0 0
1423526400 0 0 0 0
1423440000 0 0 0 0
1423353600 0 0 0 0
1423267200 0 0 0 0
1423180800 0 0 0 0
1423094400 0 0 0 0
1423008000 0 0 0 0
1422921600 0 0 0 0
1422835200 0 0 0 0
1422748800 0 0 0 0
1422662400 0 0 0 0
1422576000 0 0 0 0
1422489600 0 0 0 0
1422403200 0 0 0 0
1422316800 0 0 0 0
1422230400 0 0 0 0
1422144000 0 0 0 0
1422057600 0 0 0 0
1421971200 0 0 0 0
1421884800 0 0 0 0
1421798400 0 0 0 0
1421712000 0 0 0 0
1421625600 0 0 0 0
1421539200 0 0 0 0
1421452800 0 0 0 0
1421366400 0 0 0 0
1421280000 0 0 0 0
1421193600 0 0 0 0
1421107200 0 0 0 0
1421020800 0 0 0 0
1420934400 0 0 0 0
1420848000 0 0 0 0
1420761600 0 0 0 0
1420675200 0 0 0 0
1420588800 0 0 0 0
1420502400 0 0 0 0
1420416000 0 0 0 0
1420329600 0 0 0 0
1420243200 0 0 0 0
1420156800 0 0 0 0
1420070400 0 0 0 0
1419984000 0 0 0 0
1419897600 0 0 0 0
1419811200 0 0 0 0
1419724800 0 0 0 0
1419638400 0 0 0 0
1419552000 0 0 0 0
1419465600 0 0 0 0
1419379200 0 0 0 0
1419292800 0 0 0 0
1419206400 0 0 0 0
1419120000 0 0 0 0
1419033600 0 0 0 0
1418947200 0 0 0 0
1418860800 0 0 0 0
1418774400 0 0 0 0
1418688000 0 0 0 0
1418601600 0 0 0 0
1418515200 0 0 0 0
1418428800 0 0 0 0
1418342400 0 0 0 0
1418256000 0 0 0 0
1418169600 0 0 0 0
1418083200 0 0 0 0
1417996800 0 0 0 0
1417910400 0 0 0 0
1417824000 0 0 0 0
1417737600 0 0 0 0
1417651200 0 0 0 0
1417564800 0 0 0 0
1417478400 0 0 0 0
1417392000 0 0 0 0
1417305600 0 0 0 0
1417219200 0 0 0 0
1417132800 0 0 0 0
1417046400 0 0 0 0
1416960000 0 0 0 0
1416873600 0 0 0 0
1416787200 0 0 0 0
1416700800 0 0 0 0
1416614400 0 0 0 0
1416528000 0 0 0 0
1416441600 0 0 0 0
1416355200 0 0 0 0
1416268800 0 0 0 0
1416182400 0 0 0 0
1416096000 0 0 0 0
1416009600 0 0 0 0
1415923200 0 0 0 0
1415836800 0 0 0 0
1415750400 0 0 0 0
1415664000 0 0 0 0
1415577600 0 0 0 0
1415491200 0 0 0 0
1415404800 0 0 0 0
1415318400 0 0 0 0
1415232000 0 0 0 0
1415145600 0 0 0 0
1415059200 0 0 0 0
1414972800 0 0 0 0
1414886400 0 0 0 0
1414800000 0 0 0 0
1414713600 0 0 0 0
1414627200 0 0 0 0
1414540800 0 0 0 0
1414454400 0 0 0 0
1414368000 0 0 0 0
1414281600 0 0 0 0
1414195200 0 0 0 0
1414108800 0 0 0 0
1414022400 0 0 0 0
1413936000 0 0 0 0
1413849600 0 0 0 0
1413763200 0 0 0 0
1413676800 0 0 0 0
1413590400 0 0 0 0
1413504000 0 0 0 0
1413417600 0 0 0 0
1413331200 0 0 0 0
1413244800 0 0 0 0
1413158400 0 0 0 0
1413072000 0 0 0 0
1412985600 0 0 0 0
1412899200 0 0 0 0
1412812800 0 0 0 0
1412726400 0 0 0 0
1412640000 0 0 0 0
1412553600 0 0 0 0
1412467200 0 0 0 0
1412380800 0 0 0 0
1412294400 0 0 0 0
1412208000 0 0 0 0
1412121600 0 0 0 0
1412035200 0 0 0 0
1411948800 0 0 0 0
1411862400 0 0 0 0
1411776000 0 0 0 0
1411689600 0 0 0 0
1411603200 0 0 0 0
1411516800 0 0 0 0
1411430400 0 0 0 0
1411344000 0 0 0 0
1411257600 0 0 0 0
1411171200 0 0 0 0
1411084800 0 0 0 0
1410998400 0 0 0 0
1410912000 0 0 0 0
1410825600 0 0 0 0
1410739200 0 0 0 0
1410652800 0 0 0 0
1410566400 0 0 0 0
1410480000 0 0 0 0
1410393600 0 0 0 0
1410307200 0 0 0 0
1410220800 0 0 0 0
1410134400 0 0 0 0
1410048000 0 0 0 0
1409961600 0 0 0 0
1409875200 0 0 0 0
1409788800 0 0 0 0
1409702400 0 0 0 0
1409616000 0 0 0 0
1409529600 0 0 0 0
1409443200 0 0 0 0
1409356800 0 0 0 0
1409270400 0 0 0 0
1409184000 0 0 0 0
1409097600 0 0 0 0
1409011200 0 0 0 0
1408924800 0 0 0 0
1408838400 0 0 0 0
1408752000 0 0 0 0
1408665600 0 0 0 0
1408579200 0 0 0 0
1408492800 0 0 0 0
1408406400 0 0 0 0
1408320000 0 0 0 0
1408233600 0 0 0 0
1408147200 0 0 0 0
1408060800 0 0 0 0
1407974400 0 0 0 0
1407888000 0 0 0 0
1407801600 0 0 0 0
1407715200 0 0 0 0
1407628800 0 0 0 0
1407542400 0 0 0 0
1407456000 0 0 0 0
1407369600 0 0 0 0
1407283200 0 0 0 0
1407196800 0 0 0 0
1407110400 0 0 0 0
1407024000 0 0 0 0
1406937600 0 0 0 0
1406851200 0 0 0 0
1406764800 0 0 0 0
1406678400 0 0 0 0
1406592000 0 0 0 0
1406505600 0 0 0 0
1406419200 0 0 0 0
1406332800 0 0 0 0
1406246400 0 0 0 0
1406160000 0 0 0 0
1406073600 0 0 0 0
1405987200 0 0 0 0
1405900800 0 0 0 0
1405814400 0 0 0 0
1405728000 0 0 0 0
1405641600 0 0 0 0
1405555200 0 0 0 0
1405468800 0 0 0 0
1405382400 0 0 0 0
1405296000 0 0 0 0
1405209600 0 0 0 0
1405123200 0 0 0 0
1405036800 0 0 0 0
1404950400 0 0 0 0
1404864000 0 0 0 0
1404777600 0 0 0 0
1404691200 0 0 0 0
1404604800 0 0 0 0
1404518400 0 0 0 0
1404432000 0 0 0 0
1404345600 0 0 0 0
1404259200 0 0 0 0
1404172800 0 0 0 0
1404086400 0 0 0 0
1404000000 0 0 0 0
1403913600 0 0 0 0
1403827200 0 0 0 0
1403740800 0 0 0 0
1403654400 0 0 0 0
1403568000 0 0 0 0
1403481600 0 0 0 0
1403395200 0 0 0 0
1403308800 0 0 0 0
1403222400 0 0 0 0
1403136000 0 0 0 0
1403049600 0 0 0 0
1402963200 0 0 0 0
1402876800 0 0 0 0
1402790400 0 0 0 0
1402704000 0 0 0 0
1402617600 0 0 0 0
1402531200 0 0 0 0
1402444800 0 0 0 0
1402358400 0 0 0 0
1402272000 0 0 0 0
1402185600 0 0 0 0
1402099200 0 0 0 0
1402012800 0 0 0 0
1401926400 0 0 0 0
1401840000 0 0 0 0
1401753600 0 0 0 0
1401667200 0 0 0 0
1401580800 0 0 0 0
1401494400 0 0 0 0
1401408000 0 0 0 0
1401321600 0 0 0 0
1401235200 0 0 0 0
1401148800 0 0 0 0
1401062400 0 0 0 0
1400976000 0 0 0 0
1400889600 0 0 0 0
1400803200 0 0 0 0
1400716800 0 0 0 0
1400630400 0 0 0 0
1400544000 0 0 0 0
1400457600 0 0 0 0
1400371200 0 0 0 0
1400284800 0 0 0 0
1400198400 0 0 0 0
1400112000 0 0 0 0
1400025600 0 0 0 0
1399939200 0 0 0 0
1399852800 0 0 0 0
1399766400 0 0 0 0
1399680000 0 0 0 0
1399593600 0 0 0 0
1399507200 0 0 0 0
1399420800 0 0 0 0
1399334400 0 0 0 0
1399248000 0 0 0 0
1399161600 0 0 0 0
1399075200 0 0 0 0
1398988800 0 0 0 0
1398902400 0 0 0 0
1398816000 0 0 0 0
1398729600 0 0 0 0
1398643200 0 0 0 0
1398556800 0 0 0 0
1398470400 0 0 0 0
1398384000 0 0 0 0
1398297600 0 0 0 0
1398211200 0 0 0 0
1398124800 0 0 0 0
1398038400 0 0 0 0
1397952000 0 0 0 0
1397865600 0 0 0 0
1397779200 0 0 0 0
1397692800 0 0 0 0
1397606400 0 0 0 0
1397520000 0 0 0 0
1397433600 0 0 0 0
1397347200 0 0 0 0
1397260800 0 0 0 0
1397174400 0 0 0 0
1397088000 0 0 0 0
1397001600 0 0 0 0
1396915200 0 0 0 0
1396828800 0 0 0 0
1396742400 0 0 0 0
1396656000 0 0 0 0
1396569600 0 0 0 0
1396483200 0 0 0 0
1396396800 0 0 0 0
1396310400 0 0 0 0
1396224000 0 0 0 0
1396137600 0 0 0 0
1396051200 0 0 0 0
1395964800 0 0 0 0
1395878400 0 0 0 0
1395792000 0 0 0 0
1395705600 0 0 0 0
1395619200 0 0 0 0
1395532800 0 0 0 0
1395446400 0 0 0 0
1395360000 0 0 0 0
1395273600 0 0 0 0
1395187200 0 0 0 0
1395100800 0 0 0 0
1395014400 0 0 0 0
1394928000 0 0 0 0
1394841600 0 0 0 0
1394755200 0 0 0 0
1394668800 0 0 0 0
1394582400 0 0 0 0
1394496000 0 0 0 0
1394409600 0 0 0 0
1394323200 0 0 0 0
1394236800 0 0 0 0
1394150400 0 0 0 0
1394064000 0 0 0 0
1393977600 0 0 0 0
1393891200 0 0 0 0
1393804800 0 0 0 0
1393718400 0 0 0 0
1393632000 0 0 0 0
1393545600 0 0 0 0
1393459200 0 0 0 0
1393372800 0 0 0 0
1393286400 0 0 0 0
1393200000 0 0 0 0
1393113600 0 0 0 0
1393027200 0 0 0 0
1392940800 0 0 0 0
1392854400 0 0 0 0
1392768000 0 0 0 0
1392681600 0 0 0 0
1392595200 0 0 0 0
1392508800 0 0 0 0
1392422400 0 0 0 0
1392336000 0 0 0 0
1392249600 0 0 0 0
1392163200 0 0 0 0
1392076800 0 0 0 0
1391990400 0 0 0 0
1391904000 0 0 0 0
1391817600 0 0 0 0
1391731200 0 0 0 0
1391644800 0 0 0 0
1391558400 0 0 0 0
1391472000 0 0 0 0
1391385600 0 0 0 0
1391299200 0 0 0 0
1391212800 0 0 0 0
1391126400 0 0 0 0
1391040000 0 0 0 0
1390953600 0 0 0 0
1390867200 0 0 0 0
1390780800 0 0 0 0
1390694400 0 0 0 0
1390608000 0 0 0 0
1390521600 0 0 0 0
1390435200 0 0 0 0
1390348800 0 0 0 0
1390262400 0 0 0 0
1390176000 0 0 0 0
1390089600 0 0 0 0
1390003200 0 0 0 0
1389916800 0 0 0 0
1389830400 0 0 0 0
1389744000 0 0 0 0
1389657600 0 0 0 0
1389571200 0 0 0 0
1389484800 0 0 0 0
1389398400 0 0 0 0
1389312000 0 0 0 0
1389225600 0 0 0 0
1389139200 0 0 0 0
1389052800 0 0 0 0
1388966400 0 0 0 0
1388880000 0 0 0 0
1388793600 0 0 0 0
1388707200 0 0 0 0
1388620800 0 0 0 0
1388534400 0 0 0 0
1388448000 0 0 0 0
1388361600 0 0 0 0
1388275200 0 0 0 0
1388188800 0 0 0 0
1388102400 0 0 0 0
1388016000 0 0 0 0
1387929600 0 0 0 0
1387843200 0 0 0 0
1387756800 0 0 0 0
1387670400 0 0 0 0
1387584000 0 0 0 0
1387497600 0 0 0 0
1387411200 0 0 0 0
1387324800 0 0 0 0
1387238400 0 0 0 0
1387152000 0 0 0 0
1387065600 0 0 0 0
1386979200 0 0 0 0
1386892800 0 0 0 0
1386806400 0 0 0 0
1386720000 0 0 0 0
1386633600 0 0 0 0
1386547200 0 0 0 0
1386460800 0 0 0 0
1386374400 0 0 0 0
1386288000 0 0 0 0
1386201600 0 0 0 0
1386115200 0 0 0 0
1386028800 0 0 0 0
1385942400 0 0 0 0
1385856000 0 0 0 0
1385769600 0 0 0 0
1385683200 0 0 0 0
1385596800 0 0 0 0
1385510400 0 0 0 0
1385424000 0 0 0 0
1385337600 0 0 0 0
1385251200 0 0 0 0
1385164800 0 0 0 0
1385078400 0 0 0 0
1384992000 0 0 0 0
1384905600 0 0 0 0
1384819200 0 0 0 0
1384732800 0 0 0 0
1384646400 0 0 0 0
1384560000 0 0 0 0
1384473600 0 0 0 0
1384387200 0 0 0 0
1384300800 0 0 0 0
1384214400 0 0 0 0
1384128000 0 0 0 0
1384041600 0 0 0 0
1383955200 0 0 0 0
1383868800 0 0 0 0
1383782400 0 0 0 0
1383696000 0 0 0 0
1383609600 0 0 0 0
1383523200 0 0 0 0
1383436800 0 0 0 0
1383350400 0 0 0 0
1383264000 0 0 0 0
1383177600 0 0 0 0
1383091200 0 0 0 0
1383004800 0 0 0 0
1382918400 0 0 0 0
1382832000 0 0 0 0
1382745600 0 0 0 0
1382659200 0 0 0 0
1382572800 0 0 0 0
1382486400 0 0 0 0
1382400000 0 0 0 0
